\BOOKMARK [1][-]{section.1}{Acknowledgements}{}% 1
\BOOKMARK [1][-]{section.2}{Introduction}{}% 2
\BOOKMARK [2][-]{subsection.2.1}{Overview}{section.2}% 3
\BOOKMARK [1][-]{section.3}{Preliminaries}{}% 4
\BOOKMARK [1][-]{section.4}{Finding The K-Best Synthetic Plans}{}% 5
\BOOKMARK [2][-]{subsection.4.1}{Yen's Algorithm}{section.4}% 6
\BOOKMARK [2][-]{subsection.4.2}{Back-Branch}{section.4}% 7
\BOOKMARK [3][-]{subsubsection.4.2.1}{Overlay}{subsection.4.2}% 8
\BOOKMARK [1][-]{section.5}{Shortest Path}{}% 9
\BOOKMARK [2][-]{subsection.5.1}{Dynamic Approach}{section.5}% 10
\BOOKMARK [3][-]{subsubsection.5.1.1}{Approach}{subsection.5.1}% 11
\BOOKMARK [3][-]{subsubsection.5.1.2}{Testing}{subsection.5.1}% 12
\BOOKMARK [3][-]{subsubsection.5.1.3}{Problems}{subsection.5.1}% 13
\BOOKMARK [2][-]{subsection.5.2}{Nielsens Algorithm}{section.5}% 14
\BOOKMARK [3][-]{subsubsection.5.2.1}{Approach}{subsection.5.2}% 15
\BOOKMARK [3][-]{subsubsection.5.2.2}{Testing}{subsection.5.2}% 16
\BOOKMARK [3][-]{subsubsection.5.2.3}{Optimizing}{subsection.5.2}% 17
\BOOKMARK [1][-]{section.6}{Work With Beilstein Data}{}% 18
\BOOKMARK [2][-]{subsection.6.1}{The Graph}{section.6}% 19
\BOOKMARK [2][-]{subsection.6.2}{Testing}{section.6}% 20
\BOOKMARK [3][-]{subsubsection.6.2.1}{Strychnine}{subsection.6.2}% 21
\BOOKMARK [3][-]{subsubsection.6.2.2}{Compound 2}{subsection.6.2}% 22
\BOOKMARK [3][-]{subsubsection.6.2.3}{Compound 3}{subsection.6.2}% 23
\BOOKMARK [1][-]{section.7}{Konklusion}{}% 24
\BOOKMARK [1][-]{section.8}{Appendiks}{}% 25
