This is pdfTeX, Version 3.14159265-2.6-1.40.16 (TeX Live 2015) (preloaded format=pdflatex 2016.4.19)  30 DEC 2017 18:18
entering extended mode
 restricted \write18 enabled.
 %&-line parsing enabled.
**"Speciale Rapport.tex"
(./Speciale Rapport.tex
LaTeX2e <2015/01/01>
Babel <3.9l> and hyphenation patterns for 79 languages loaded.
(/usr/local/texlive/2015/texmf-dist/tex/latex/paper/paper.cls
Document Class: paper 2008/05/30 1.0l LaTeX document class (wm).
\hours=\count79
\minutes=\count80
(/usr/local/texlive/2015/texmf-dist/tex/latex/base/size10.clo
File: size10.clo 2014/09/29 v1.4h Standard LaTeX file (size option)
)
\c@part=\count81
\c@section=\count82
\c@subsection=\count83
\c@subsubsection=\count84
\c@paragraph=\count85
\c@subparagraph=\count86
\exampleindent=\skip41
\c@figure=\count87
\c@table=\count88
\abovecaptionskip=\skip42
\belowcaptionskip=\skip43
\bibindent=\dimen102
)
(/usr/local/texlive/2015/texmf-dist/tex/latex/base/inputenc.sty
Package: inputenc 2015/03/17 v1.2c Input encoding file
\inpenc@prehook=\toks14
\inpenc@posthook=\toks15

(/usr/local/texlive/2015/texmf-dist/tex/latex/base/utf8.def
File: utf8.def 2014/09/29 v1.1m UTF-8 support for inputenc
Now handling font encoding OML ...
... no UTF-8 mapping file for font encoding OML
Now handling font encoding T1 ...
... processing UTF-8 mapping file for font encoding T1

(/usr/local/texlive/2015/texmf-dist/tex/latex/base/t1enc.dfu
File: t1enc.dfu 2014/09/29 v1.1m UTF-8 support for inputenc
   defining Unicode char U+00A1 (decimal 161)
   defining Unicode char U+00A3 (decimal 163)
   defining Unicode char U+00AB (decimal 171)
   defining Unicode char U+00BB (decimal 187)
   defining Unicode char U+00BF (decimal 191)
   defining Unicode char U+00C0 (decimal 192)
   defining Unicode char U+00C1 (decimal 193)
   defining Unicode char U+00C2 (decimal 194)
   defining Unicode char U+00C3 (decimal 195)
   defining Unicode char U+00C4 (decimal 196)
   defining Unicode char U+00C5 (decimal 197)
   defining Unicode char U+00C6 (decimal 198)
   defining Unicode char U+00C7 (decimal 199)
   defining Unicode char U+00C8 (decimal 200)
   defining Unicode char U+00C9 (decimal 201)
   defining Unicode char U+00CA (decimal 202)
   defining Unicode char U+00CB (decimal 203)
   defining Unicode char U+00CC (decimal 204)
   defining Unicode char U+00CD (decimal 205)
   defining Unicode char U+00CE (decimal 206)
   defining Unicode char U+00CF (decimal 207)
   defining Unicode char U+00D0 (decimal 208)
   defining Unicode char U+00D1 (decimal 209)
   defining Unicode char U+00D2 (decimal 210)
   defining Unicode char U+00D3 (decimal 211)
   defining Unicode char U+00D4 (decimal 212)
   defining Unicode char U+00D5 (decimal 213)
   defining Unicode char U+00D6 (decimal 214)
   defining Unicode char U+00D8 (decimal 216)
   defining Unicode char U+00D9 (decimal 217)
   defining Unicode char U+00DA (decimal 218)
   defining Unicode char U+00DB (decimal 219)
   defining Unicode char U+00DC (decimal 220)
   defining Unicode char U+00DD (decimal 221)
   defining Unicode char U+00DE (decimal 222)
   defining Unicode char U+00DF (decimal 223)
   defining Unicode char U+00E0 (decimal 224)
   defining Unicode char U+00E1 (decimal 225)
   defining Unicode char U+00E2 (decimal 226)
   defining Unicode char U+00E3 (decimal 227)
   defining Unicode char U+00E4 (decimal 228)
   defining Unicode char U+00E5 (decimal 229)
   defining Unicode char U+00E6 (decimal 230)
   defining Unicode char U+00E7 (decimal 231)
   defining Unicode char U+00E8 (decimal 232)
   defining Unicode char U+00E9 (decimal 233)
   defining Unicode char U+00EA (decimal 234)
   defining Unicode char U+00EB (decimal 235)
   defining Unicode char U+00EC (decimal 236)
   defining Unicode char U+00ED (decimal 237)
   defining Unicode char U+00EE (decimal 238)
   defining Unicode char U+00EF (decimal 239)
   defining Unicode char U+00F0 (decimal 240)
   defining Unicode char U+00F1 (decimal 241)
   defining Unicode char U+00F2 (decimal 242)
   defining Unicode char U+00F3 (decimal 243)
   defining Unicode char U+00F4 (decimal 244)
   defining Unicode char U+00F5 (decimal 245)
   defining Unicode char U+00F6 (decimal 246)
   defining Unicode char U+00F8 (decimal 248)
   defining Unicode char U+00F9 (decimal 249)
   defining Unicode char U+00FA (decimal 250)
   defining Unicode char U+00FB (decimal 251)
   defining Unicode char U+00FC (decimal 252)
   defining Unicode char U+00FD (decimal 253)
   defining Unicode char U+00FE (decimal 254)
   defining Unicode char U+00FF (decimal 255)
   defining Unicode char U+0102 (decimal 258)
   defining Unicode char U+0103 (decimal 259)
   defining Unicode char U+0104 (decimal 260)
   defining Unicode char U+0105 (decimal 261)
   defining Unicode char U+0106 (decimal 262)
   defining Unicode char U+0107 (decimal 263)
   defining Unicode char U+010C (decimal 268)
   defining Unicode char U+010D (decimal 269)
   defining Unicode char U+010E (decimal 270)
   defining Unicode char U+010F (decimal 271)
   defining Unicode char U+0110 (decimal 272)
   defining Unicode char U+0111 (decimal 273)
   defining Unicode char U+0118 (decimal 280)
   defining Unicode char U+0119 (decimal 281)
   defining Unicode char U+011A (decimal 282)
   defining Unicode char U+011B (decimal 283)
   defining Unicode char U+011E (decimal 286)
   defining Unicode char U+011F (decimal 287)
   defining Unicode char U+0130 (decimal 304)
   defining Unicode char U+0131 (decimal 305)
   defining Unicode char U+0132 (decimal 306)
   defining Unicode char U+0133 (decimal 307)
   defining Unicode char U+0139 (decimal 313)
   defining Unicode char U+013A (decimal 314)
   defining Unicode char U+013D (decimal 317)
   defining Unicode char U+013E (decimal 318)
   defining Unicode char U+0141 (decimal 321)
   defining Unicode char U+0142 (decimal 322)
   defining Unicode char U+0143 (decimal 323)
   defining Unicode char U+0144 (decimal 324)
   defining Unicode char U+0147 (decimal 327)
   defining Unicode char U+0148 (decimal 328)
   defining Unicode char U+014A (decimal 330)
   defining Unicode char U+014B (decimal 331)
   defining Unicode char U+0150 (decimal 336)
   defining Unicode char U+0151 (decimal 337)
   defining Unicode char U+0152 (decimal 338)
   defining Unicode char U+0153 (decimal 339)
   defining Unicode char U+0154 (decimal 340)
   defining Unicode char U+0155 (decimal 341)
   defining Unicode char U+0158 (decimal 344)
   defining Unicode char U+0159 (decimal 345)
   defining Unicode char U+015A (decimal 346)
   defining Unicode char U+015B (decimal 347)
   defining Unicode char U+015E (decimal 350)
   defining Unicode char U+015F (decimal 351)
   defining Unicode char U+0160 (decimal 352)
   defining Unicode char U+0161 (decimal 353)
   defining Unicode char U+0162 (decimal 354)
   defining Unicode char U+0163 (decimal 355)
   defining Unicode char U+0164 (decimal 356)
   defining Unicode char U+0165 (decimal 357)
   defining Unicode char U+016E (decimal 366)
   defining Unicode char U+016F (decimal 367)
   defining Unicode char U+0170 (decimal 368)
   defining Unicode char U+0171 (decimal 369)
   defining Unicode char U+0178 (decimal 376)
   defining Unicode char U+0179 (decimal 377)
   defining Unicode char U+017A (decimal 378)
   defining Unicode char U+017B (decimal 379)
   defining Unicode char U+017C (decimal 380)
   defining Unicode char U+017D (decimal 381)
   defining Unicode char U+017E (decimal 382)
   defining Unicode char U+200C (decimal 8204)
   defining Unicode char U+2013 (decimal 8211)
   defining Unicode char U+2014 (decimal 8212)
   defining Unicode char U+2018 (decimal 8216)
   defining Unicode char U+2019 (decimal 8217)
   defining Unicode char U+201A (decimal 8218)
   defining Unicode char U+201C (decimal 8220)
   defining Unicode char U+201D (decimal 8221)
   defining Unicode char U+201E (decimal 8222)
   defining Unicode char U+2030 (decimal 8240)
   defining Unicode char U+2031 (decimal 8241)
   defining Unicode char U+2039 (decimal 8249)
   defining Unicode char U+203A (decimal 8250)
   defining Unicode char U+2423 (decimal 9251)
)
Now handling font encoding OT1 ...
... processing UTF-8 mapping file for font encoding OT1

(/usr/local/texlive/2015/texmf-dist/tex/latex/base/ot1enc.dfu
File: ot1enc.dfu 2014/09/29 v1.1m UTF-8 support for inputenc
   defining Unicode char U+00A1 (decimal 161)
   defining Unicode char U+00A3 (decimal 163)
   defining Unicode char U+00B8 (decimal 184)
   defining Unicode char U+00BF (decimal 191)
   defining Unicode char U+00C5 (decimal 197)
   defining Unicode char U+00C6 (decimal 198)
   defining Unicode char U+00D8 (decimal 216)
   defining Unicode char U+00DF (decimal 223)
   defining Unicode char U+00E6 (decimal 230)
   defining Unicode char U+00EC (decimal 236)
   defining Unicode char U+00ED (decimal 237)
   defining Unicode char U+00EE (decimal 238)
   defining Unicode char U+00EF (decimal 239)
   defining Unicode char U+00F8 (decimal 248)
   defining Unicode char U+0131 (decimal 305)
   defining Unicode char U+0141 (decimal 321)
   defining Unicode char U+0142 (decimal 322)
   defining Unicode char U+0152 (decimal 338)
   defining Unicode char U+0153 (decimal 339)
   defining Unicode char U+2013 (decimal 8211)
   defining Unicode char U+2014 (decimal 8212)
   defining Unicode char U+2018 (decimal 8216)
   defining Unicode char U+2019 (decimal 8217)
   defining Unicode char U+201C (decimal 8220)
   defining Unicode char U+201D (decimal 8221)
)
Now handling font encoding OMS ...
... processing UTF-8 mapping file for font encoding OMS

(/usr/local/texlive/2015/texmf-dist/tex/latex/base/omsenc.dfu
File: omsenc.dfu 2014/09/29 v1.1m UTF-8 support for inputenc
   defining Unicode char U+00A7 (decimal 167)
   defining Unicode char U+00B6 (decimal 182)
   defining Unicode char U+00B7 (decimal 183)
   defining Unicode char U+2020 (decimal 8224)
   defining Unicode char U+2021 (decimal 8225)
   defining Unicode char U+2022 (decimal 8226)
)
Now handling font encoding OMX ...
... no UTF-8 mapping file for font encoding OMX
Now handling font encoding U ...
... no UTF-8 mapping file for font encoding U
   defining Unicode char U+00A9 (decimal 169)
   defining Unicode char U+00AA (decimal 170)
   defining Unicode char U+00AE (decimal 174)
   defining Unicode char U+00BA (decimal 186)
   defining Unicode char U+02C6 (decimal 710)
   defining Unicode char U+02DC (decimal 732)
   defining Unicode char U+200C (decimal 8204)
   defining Unicode char U+2026 (decimal 8230)
   defining Unicode char U+2122 (decimal 8482)
   defining Unicode char U+2423 (decimal 9251)
))
(/usr/local/texlive/2015/texmf-dist/tex/latex/base/fontenc.sty
Package: fontenc 2005/09/27 v1.99g Standard LaTeX package

(/usr/local/texlive/2015/texmf-dist/tex/latex/base/t1enc.def
File: t1enc.def 2005/09/27 v1.99g Standard LaTeX file
LaTeX Font Info:    Redeclaring font encoding T1 on input line 48.
))
(/usr/local/texlive/2015/texmf-dist/tex/generic/babel/babel.sty
Package: babel 2014/09/25 3.9l The Babel package

(/usr/local/texlive/2015/texmf-dist/tex/generic/babel-english/english.ldf
Language: english 2012/08/20 v3.3p English support from the babel system

(/usr/local/texlive/2015/texmf-dist/tex/generic/babel/babel.def
File: babel.def 2014/09/25 3.9l Babel common definitions
\babel@savecnt=\count89
\U@D=\dimen103
)
\l@canadian = a dialect from \language\l@american 
\l@australian = a dialect from \language\l@british 
\l@newzealand = a dialect from \language\l@british 
))
(/usr/local/texlive/2015/texmf-dist/tex/latex/amsfonts/amssymb.sty
Package: amssymb 2013/01/14 v3.01 AMS font symbols

(/usr/local/texlive/2015/texmf-dist/tex/latex/amsfonts/amsfonts.sty
Package: amsfonts 2013/01/14 v3.01 Basic AMSFonts support
\@emptytoks=\toks16
\symAMSa=\mathgroup4
\symAMSb=\mathgroup5
LaTeX Font Info:    Overwriting math alphabet `\mathfrak' in version `bold'
(Font)                  U/euf/m/n --> U/euf/b/n on input line 106.
))
(/usr/local/texlive/2015/texmf-dist/tex/latex/mathtools/mathtools.sty
Package: mathtools 2015/05/11 v1.16 mathematical typesetting tools

(/usr/local/texlive/2015/texmf-dist/tex/latex/graphics/keyval.sty
Package: keyval 2014/10/28 v1.15 key=value parser (DPC)
\KV@toks@=\toks17
)
(/usr/local/texlive/2015/texmf-dist/tex/latex/tools/calc.sty
Package: calc 2014/10/28 v4.3 Infix arithmetic (KKT,FJ)
\calc@Acount=\count90
\calc@Bcount=\count91
\calc@Adimen=\dimen104
\calc@Bdimen=\dimen105
\calc@Askip=\skip44
\calc@Bskip=\skip45
LaTeX Info: Redefining \setlength on input line 80.
LaTeX Info: Redefining \addtolength on input line 81.
\calc@Ccount=\count92
\calc@Cskip=\skip46
)
(/usr/local/texlive/2015/texmf-dist/tex/latex/mathtools/mhsetup.sty
Package: mhsetup 2010/01/21 v1.2a programming setup (MH)
)
(/usr/local/texlive/2015/texmf-dist/tex/latex/amsmath/amsmath.sty
Package: amsmath 2013/01/14 v2.14 AMS math features
\@mathmargin=\skip47

For additional information on amsmath, use the `?' option.
(/usr/local/texlive/2015/texmf-dist/tex/latex/amsmath/amstext.sty
Package: amstext 2000/06/29 v2.01

(/usr/local/texlive/2015/texmf-dist/tex/latex/amsmath/amsgen.sty
File: amsgen.sty 1999/11/30 v2.0
\@emptytoks=\toks18
\ex@=\dimen106
))
(/usr/local/texlive/2015/texmf-dist/tex/latex/amsmath/amsbsy.sty
Package: amsbsy 1999/11/29 v1.2d
\pmbraise@=\dimen107
)
(/usr/local/texlive/2015/texmf-dist/tex/latex/amsmath/amsopn.sty
Package: amsopn 1999/12/14 v2.01 operator names
)
\inf@bad=\count93
LaTeX Info: Redefining \frac on input line 210.
\uproot@=\count94
\leftroot@=\count95
LaTeX Info: Redefining \overline on input line 306.
\classnum@=\count96
\DOTSCASE@=\count97
LaTeX Info: Redefining \ldots on input line 378.
LaTeX Info: Redefining \dots on input line 381.
LaTeX Info: Redefining \cdots on input line 466.
\Mathstrutbox@=\box26
\strutbox@=\box27
\big@size=\dimen108
LaTeX Font Info:    Redeclaring font encoding OML on input line 566.
LaTeX Font Info:    Redeclaring font encoding OMS on input line 567.
\macc@depth=\count98
\c@MaxMatrixCols=\count99
\dotsspace@=\muskip10
\c@parentequation=\count100
\dspbrk@lvl=\count101
\tag@help=\toks19
\row@=\count102
\column@=\count103
\maxfields@=\count104
\andhelp@=\toks20
\eqnshift@=\dimen109
\alignsep@=\dimen110
\tagshift@=\dimen111
\tagwidth@=\dimen112
\totwidth@=\dimen113
\lineht@=\dimen114
\@envbody=\toks21
\multlinegap=\skip48
\multlinetaggap=\skip49
\mathdisplay@stack=\toks22
LaTeX Info: Redefining \[ on input line 2665.
LaTeX Info: Redefining \] on input line 2666.
)
LaTeX Info: Thecontrolsequence`\('isalreadyrobust on input line 129.
LaTeX Info: Thecontrolsequence`\)'isalreadyrobust on input line 129.
LaTeX Info: Thecontrolsequence`\['isalreadyrobust on input line 129.
LaTeX Info: Thecontrolsequence`\]'isalreadyrobust on input line 129.
\g_MT_multlinerow_int=\count105
\l_MT_multwidth_dim=\dimen115
\origjot=\skip50
\l_MT_shortvdotswithinadjustabove_dim=\dimen116
\l_MT_shortvdotswithinadjustbelow_dim=\dimen117
\l_MT_above_intertext_sep=\dimen118
\l_MT_below_intertext_sep=\dimen119
\l_MT_above_shortintertext_sep=\dimen120
\l_MT_below_shortintertext_sep=\dimen121
)
(/usr/local/texlive/2015/texmf-dist/tex/latex/bchart/bchart.sty
Package: bchart 

(/usr/local/texlive/2015/texmf-dist/tex/latex/base/ifthen.sty
Package: ifthen 2014/09/29 v1.1c Standard LaTeX ifthen package (DPC)
)
(/usr/local/texlive/2015/texmf-dist/tex/latex/pgf/frontendlayer/tikz.sty
(/usr/local/texlive/2015/texmf-dist/tex/latex/pgf/basiclayer/pgf.sty
(/usr/local/texlive/2015/texmf-dist/tex/latex/pgf/utilities/pgfrcs.sty
(/usr/local/texlive/2015/texmf-dist/tex/generic/pgf/utilities/pgfutil-common.te
x
\pgfutil@everybye=\toks23
\pgfutil@tempdima=\dimen122
\pgfutil@tempdimb=\dimen123

(/usr/local/texlive/2015/texmf-dist/tex/generic/pgf/utilities/pgfutil-common-li
sts.tex))
(/usr/local/texlive/2015/texmf-dist/tex/generic/pgf/utilities/pgfutil-latex.def
\pgfutil@abb=\box28
(/usr/local/texlive/2015/texmf-dist/tex/latex/ms/everyshi.sty
Package: everyshi 2001/05/15 v3.00 EveryShipout Package (MS)
))
(/usr/local/texlive/2015/texmf-dist/tex/generic/pgf/utilities/pgfrcs.code.tex
Package: pgfrcs 2013/12/20 v3.0.0 (rcs-revision 1.28)
))
Package: pgf 2013/12/18 v3.0.0 (rcs-revision 1.14)
(/usr/local/texlive/2015/texmf-dist/tex/latex/pgf/basiclayer/pgfcore.sty
(/usr/local/texlive/2015/texmf-dist/tex/latex/graphics/graphicx.sty
Package: graphicx 2014/10/28 v1.0g Enhanced LaTeX Graphics (DPC,SPQR)

(/usr/local/texlive/2015/texmf-dist/tex/latex/graphics/graphics.sty
Package: graphics 2014/10/28 v1.0p Standard LaTeX Graphics (DPC,SPQR)

(/usr/local/texlive/2015/texmf-dist/tex/latex/graphics/trig.sty
Package: trig 1999/03/16 v1.09 sin cos tan (DPC)
)
(/usr/local/texlive/2015/texmf-dist/tex/latex/latexconfig/graphics.cfg
File: graphics.cfg 2010/04/23 v1.9 graphics configuration of TeX Live
)
Package graphics Info: Driver file: pdftex.def on input line 94.

(/usr/local/texlive/2015/texmf-dist/tex/latex/pdftex-def/pdftex.def
File: pdftex.def 2011/05/27 v0.06d Graphics/color for pdfTeX

(/usr/local/texlive/2015/texmf-dist/tex/generic/oberdiek/infwarerr.sty
Package: infwarerr 2010/04/08 v1.3 Providing info/warning/error messages (HO)
)
(/usr/local/texlive/2015/texmf-dist/tex/generic/oberdiek/ltxcmds.sty
Package: ltxcmds 2011/11/09 v1.22 LaTeX kernel commands for general use (HO)
)
\Gread@gobject=\count106
))
\Gin@req@height=\dimen124
\Gin@req@width=\dimen125
)
(/usr/local/texlive/2015/texmf-dist/tex/latex/pgf/systemlayer/pgfsys.sty
(/usr/local/texlive/2015/texmf-dist/tex/generic/pgf/systemlayer/pgfsys.code.tex
Package: pgfsys 2013/11/30 v3.0.0 (rcs-revision 1.47)
(/usr/local/texlive/2015/texmf-dist/tex/generic/pgf/utilities/pgfkeys.code.tex
\pgfkeys@pathtoks=\toks24
\pgfkeys@temptoks=\toks25

(/usr/local/texlive/2015/texmf-dist/tex/generic/pgf/utilities/pgfkeysfiltered.c
ode.tex
\pgfkeys@tmptoks=\toks26
))
\pgf@x=\dimen126
\pgf@y=\dimen127
\pgf@xa=\dimen128
\pgf@ya=\dimen129
\pgf@xb=\dimen130
\pgf@yb=\dimen131
\pgf@xc=\dimen132
\pgf@yc=\dimen133
\w@pgf@writea=\write3
\r@pgf@reada=\read1
\c@pgf@counta=\count107
\c@pgf@countb=\count108
\c@pgf@countc=\count109
\c@pgf@countd=\count110
\t@pgf@toka=\toks27
\t@pgf@tokb=\toks28
\t@pgf@tokc=\toks29

(/usr/local/texlive/2015/texmf-dist/tex/generic/pgf/systemlayer/pgf.cfg
File: pgf.cfg 2008/05/14  (rcs-revision 1.7)
)
Driver file for pgf: pgfsys-pdftex.def

(/usr/local/texlive/2015/texmf-dist/tex/generic/pgf/systemlayer/pgfsys-pdftex.d
ef
File: pgfsys-pdftex.def 2013/07/18  (rcs-revision 1.33)

(/usr/local/texlive/2015/texmf-dist/tex/generic/pgf/systemlayer/pgfsys-common-p
df.def
File: pgfsys-common-pdf.def 2013/10/10  (rcs-revision 1.13)
)))
(/usr/local/texlive/2015/texmf-dist/tex/generic/pgf/systemlayer/pgfsyssoftpath.
code.tex
File: pgfsyssoftpath.code.tex 2013/09/09  (rcs-revision 1.9)
\pgfsyssoftpath@smallbuffer@items=\count111
\pgfsyssoftpath@bigbuffer@items=\count112
)
(/usr/local/texlive/2015/texmf-dist/tex/generic/pgf/systemlayer/pgfsysprotocol.
code.tex
File: pgfsysprotocol.code.tex 2006/10/16  (rcs-revision 1.4)
)) (/usr/local/texlive/2015/texmf-dist/tex/latex/xcolor/xcolor.sty
Package: xcolor 2007/01/21 v2.11 LaTeX color extensions (UK)

(/usr/local/texlive/2015/texmf-dist/tex/latex/latexconfig/color.cfg
File: color.cfg 2007/01/18 v1.5 color configuration of teTeX/TeXLive
)
Package xcolor Info: Driver file: pdftex.def on input line 225.
Package xcolor Info: Model `cmy' substituted by `cmy0' on input line 1337.
Package xcolor Info: Model `hsb' substituted by `rgb' on input line 1341.
Package xcolor Info: Model `RGB' extended on input line 1353.
Package xcolor Info: Model `HTML' substituted by `rgb' on input line 1355.
Package xcolor Info: Model `Hsb' substituted by `hsb' on input line 1356.
Package xcolor Info: Model `tHsb' substituted by `hsb' on input line 1357.
Package xcolor Info: Model `HSB' substituted by `hsb' on input line 1358.
Package xcolor Info: Model `Gray' substituted by `gray' on input line 1359.
Package xcolor Info: Model `wave' substituted by `hsb' on input line 1360.
)
(/usr/local/texlive/2015/texmf-dist/tex/generic/pgf/basiclayer/pgfcore.code.tex
Package: pgfcore 2010/04/11 v3.0.0 (rcs-revision 1.7)
(/usr/local/texlive/2015/texmf-dist/tex/generic/pgf/math/pgfmath.code.tex
(/usr/local/texlive/2015/texmf-dist/tex/generic/pgf/math/pgfmathcalc.code.tex
(/usr/local/texlive/2015/texmf-dist/tex/generic/pgf/math/pgfmathutil.code.tex)
(/usr/local/texlive/2015/texmf-dist/tex/generic/pgf/math/pgfmathparser.code.tex
\pgfmath@dimen=\dimen134
\pgfmath@count=\count113
\pgfmath@box=\box29
\pgfmath@toks=\toks30
\pgfmath@stack@operand=\toks31
\pgfmath@stack@operation=\toks32
)
(/usr/local/texlive/2015/texmf-dist/tex/generic/pgf/math/pgfmathfunctions.code.
tex
(/usr/local/texlive/2015/texmf-dist/tex/generic/pgf/math/pgfmathfunctions.basic
.code.tex)
(/usr/local/texlive/2015/texmf-dist/tex/generic/pgf/math/pgfmathfunctions.trigo
nometric.code.tex)
(/usr/local/texlive/2015/texmf-dist/tex/generic/pgf/math/pgfmathfunctions.rando
m.code.tex)
(/usr/local/texlive/2015/texmf-dist/tex/generic/pgf/math/pgfmathfunctions.compa
rison.code.tex)
(/usr/local/texlive/2015/texmf-dist/tex/generic/pgf/math/pgfmathfunctions.base.
code.tex)
(/usr/local/texlive/2015/texmf-dist/tex/generic/pgf/math/pgfmathfunctions.round
.code.tex)
(/usr/local/texlive/2015/texmf-dist/tex/generic/pgf/math/pgfmathfunctions.misc.
code.tex)
(/usr/local/texlive/2015/texmf-dist/tex/generic/pgf/math/pgfmathfunctions.integ
erarithmetics.code.tex)))
(/usr/local/texlive/2015/texmf-dist/tex/generic/pgf/math/pgfmathfloat.code.tex
\c@pgfmathroundto@lastzeros=\count114
))
(/usr/local/texlive/2015/texmf-dist/tex/generic/pgf/basiclayer/pgfcorepoints.co
de.tex
File: pgfcorepoints.code.tex 2013/10/07  (rcs-revision 1.27)
\pgf@picminx=\dimen135
\pgf@picmaxx=\dimen136
\pgf@picminy=\dimen137
\pgf@picmaxy=\dimen138
\pgf@pathminx=\dimen139
\pgf@pathmaxx=\dimen140
\pgf@pathminy=\dimen141
\pgf@pathmaxy=\dimen142
\pgf@xx=\dimen143
\pgf@xy=\dimen144
\pgf@yx=\dimen145
\pgf@yy=\dimen146
\pgf@zx=\dimen147
\pgf@zy=\dimen148
)
(/usr/local/texlive/2015/texmf-dist/tex/generic/pgf/basiclayer/pgfcorepathconst
ruct.code.tex
File: pgfcorepathconstruct.code.tex 2013/10/07  (rcs-revision 1.29)
\pgf@path@lastx=\dimen149
\pgf@path@lasty=\dimen150
)
(/usr/local/texlive/2015/texmf-dist/tex/generic/pgf/basiclayer/pgfcorepathusage
.code.tex
File: pgfcorepathusage.code.tex 2013/12/13  (rcs-revision 1.23)
\pgf@shorten@end@additional=\dimen151
\pgf@shorten@start@additional=\dimen152
)
(/usr/local/texlive/2015/texmf-dist/tex/generic/pgf/basiclayer/pgfcorescopes.co
de.tex
File: pgfcorescopes.code.tex 2013/10/09  (rcs-revision 1.44)
\pgfpic=\box30
\pgf@hbox=\box31
\pgf@layerbox@main=\box32
\pgf@picture@serial@count=\count115
)
(/usr/local/texlive/2015/texmf-dist/tex/generic/pgf/basiclayer/pgfcoregraphicst
ate.code.tex
File: pgfcoregraphicstate.code.tex 2013/09/19  (rcs-revision 1.11)
\pgflinewidth=\dimen153
)
(/usr/local/texlive/2015/texmf-dist/tex/generic/pgf/basiclayer/pgfcoretransform
ations.code.tex
File: pgfcoretransformations.code.tex 2013/10/10  (rcs-revision 1.17)
\pgf@pt@x=\dimen154
\pgf@pt@y=\dimen155
\pgf@pt@temp=\dimen156
)
(/usr/local/texlive/2015/texmf-dist/tex/generic/pgf/basiclayer/pgfcorequick.cod
e.tex
File: pgfcorequick.code.tex 2008/10/09  (rcs-revision 1.3)
)
(/usr/local/texlive/2015/texmf-dist/tex/generic/pgf/basiclayer/pgfcoreobjects.c
ode.tex
File: pgfcoreobjects.code.tex 2006/10/11  (rcs-revision 1.2)
)
(/usr/local/texlive/2015/texmf-dist/tex/generic/pgf/basiclayer/pgfcorepathproce
ssing.code.tex
File: pgfcorepathprocessing.code.tex 2013/09/09  (rcs-revision 1.9)
)
(/usr/local/texlive/2015/texmf-dist/tex/generic/pgf/basiclayer/pgfcorearrows.co
de.tex
File: pgfcorearrows.code.tex 2013/11/07  (rcs-revision 1.40)
\pgfarrowsep=\dimen157
)
(/usr/local/texlive/2015/texmf-dist/tex/generic/pgf/basiclayer/pgfcoreshade.cod
e.tex
File: pgfcoreshade.code.tex 2013/07/15  (rcs-revision 1.15)
\pgf@max=\dimen158
\pgf@sys@shading@range@num=\count116
)
(/usr/local/texlive/2015/texmf-dist/tex/generic/pgf/basiclayer/pgfcoreimage.cod
e.tex
File: pgfcoreimage.code.tex 2013/07/15  (rcs-revision 1.18)

(/usr/local/texlive/2015/texmf-dist/tex/generic/pgf/basiclayer/pgfcoreexternal.
code.tex
File: pgfcoreexternal.code.tex 2013/07/15  (rcs-revision 1.20)
\pgfexternal@startupbox=\box33
))
(/usr/local/texlive/2015/texmf-dist/tex/generic/pgf/basiclayer/pgfcorelayers.co
de.tex
File: pgfcorelayers.code.tex 2013/07/18  (rcs-revision 1.7)
)
(/usr/local/texlive/2015/texmf-dist/tex/generic/pgf/basiclayer/pgfcoretranspare
ncy.code.tex
File: pgfcoretransparency.code.tex 2013/09/30  (rcs-revision 1.5)
)
(/usr/local/texlive/2015/texmf-dist/tex/generic/pgf/basiclayer/pgfcorepatterns.
code.tex
File: pgfcorepatterns.code.tex 2013/11/07  (rcs-revision 1.5)
)))
(/usr/local/texlive/2015/texmf-dist/tex/generic/pgf/modules/pgfmoduleshapes.cod
e.tex
File: pgfmoduleshapes.code.tex 2013/10/31  (rcs-revision 1.34)
\pgfnodeparttextbox=\box34
)
(/usr/local/texlive/2015/texmf-dist/tex/generic/pgf/modules/pgfmoduleplot.code.
tex
File: pgfmoduleplot.code.tex 2013/07/31  (rcs-revision 1.12)
)
(/usr/local/texlive/2015/texmf-dist/tex/latex/pgf/compatibility/pgfcomp-version
-0-65.sty
Package: pgfcomp-version-0-65 2007/07/03 v3.0.0 (rcs-revision 1.7)
\pgf@nodesepstart=\dimen159
\pgf@nodesepend=\dimen160
)
(/usr/local/texlive/2015/texmf-dist/tex/latex/pgf/compatibility/pgfcomp-version
-1-18.sty
Package: pgfcomp-version-1-18 2007/07/23 v3.0.0 (rcs-revision 1.1)
))
(/usr/local/texlive/2015/texmf-dist/tex/latex/pgf/utilities/pgffor.sty
(/usr/local/texlive/2015/texmf-dist/tex/latex/pgf/utilities/pgfkeys.sty
(/usr/local/texlive/2015/texmf-dist/tex/generic/pgf/utilities/pgfkeys.code.tex)
) (/usr/local/texlive/2015/texmf-dist/tex/latex/pgf/math/pgfmath.sty
(/usr/local/texlive/2015/texmf-dist/tex/generic/pgf/math/pgfmath.code.tex))
(/usr/local/texlive/2015/texmf-dist/tex/generic/pgf/utilities/pgffor.code.tex
Package: pgffor 2013/12/13 v3.0.0 (rcs-revision 1.25)

(/usr/local/texlive/2015/texmf-dist/tex/generic/pgf/math/pgfmath.code.tex)
\pgffor@iter=\dimen161
\pgffor@skip=\dimen162
\pgffor@stack=\toks33
\pgffor@toks=\toks34
))
(/usr/local/texlive/2015/texmf-dist/tex/generic/pgf/frontendlayer/tikz/tikz.cod
e.tex
Package: tikz 2013/12/13 v3.0.0 (rcs-revision 1.142)

(/usr/local/texlive/2015/texmf-dist/tex/generic/pgf/libraries/pgflibraryplothan
dlers.code.tex
File: pgflibraryplothandlers.code.tex 2013/08/31 v3.0.0 (rcs-revision 1.20)
\pgf@plot@mark@count=\count117
\pgfplotmarksize=\dimen163
)
\tikz@lastx=\dimen164
\tikz@lasty=\dimen165
\tikz@lastxsaved=\dimen166
\tikz@lastysaved=\dimen167
\tikzleveldistance=\dimen168
\tikzsiblingdistance=\dimen169
\tikz@figbox=\box35
\tikz@figbox@bg=\box36
\tikz@tempbox=\box37
\tikz@tempbox@bg=\box38
\tikztreelevel=\count118
\tikznumberofchildren=\count119
\tikznumberofcurrentchild=\count120
\tikz@fig@count=\count121

(/usr/local/texlive/2015/texmf-dist/tex/generic/pgf/modules/pgfmodulematrix.cod
e.tex
File: pgfmodulematrix.code.tex 2013/09/17  (rcs-revision 1.8)
\pgfmatrixcurrentrow=\count122
\pgfmatrixcurrentcolumn=\count123
\pgf@matrix@numberofcolumns=\count124
)
\tikz@expandcount=\count125

(/usr/local/texlive/2015/texmf-dist/tex/generic/pgf/frontendlayer/tikz/librarie
s/tikzlibrarytopaths.code.tex
File: tikzlibrarytopaths.code.tex 2008/06/17 v3.0.0 (rcs-revision 1.2)
)))
(/usr/local/texlive/2015/texmf-dist/tex/generic/pgf/frontendlayer/tikz/librarie
s/tikzlibrarycalc.code.tex
File: tikzlibrarycalc.code.tex 2013/07/15 v3.0.0 (rcs-revision 1.9)
)
\bcpos=\skip51
\bcwidth=\skip52
)
(/usr/local/texlive/2015/texmf-dist/tex/latex/listings/listings.sty
\lst@mode=\count126
\lst@gtempboxa=\box39
\lst@token=\toks35
\lst@length=\count127
\lst@currlwidth=\dimen170
\lst@column=\count128
\lst@pos=\count129
\lst@lostspace=\dimen171
\lst@width=\dimen172
\lst@newlines=\count130
\lst@lineno=\count131
\lst@maxwidth=\dimen173

(/usr/local/texlive/2015/texmf-dist/tex/latex/listings/lstmisc.sty
File: lstmisc.sty 2014/09/06 1.5e (Carsten Heinz)
\c@lstnumber=\count132
\lst@skipnumbers=\count133
\lst@framebox=\box40
)
(/usr/local/texlive/2015/texmf-dist/tex/latex/listings/listings.cfg
File: listings.cfg 2014/09/06 1.5e listings configuration
))
Package: listings 2014/09/06 1.5e (Carsten Heinz)

(/usr/local/texlive/2015/texmf-dist/tex/latex/biblatex/biblatex.sty
Package: biblatex 2015/04/19 v3.0 programmable bibliographies (PK/JW/AB)

(/usr/local/texlive/2015/texmf-dist/tex/latex/biblatex/biblatex1.sty
Package: biblatex1 2015/04/19 v3.0 programmable bibliographies (bibtex) (PK/JW/
AB)

(/usr/local/texlive/2015/texmf-dist/tex/latex/etoolbox/etoolbox.sty
Package: etoolbox 2015/05/04 v2.2 e-TeX tools for LaTeX (JAW)
\etb@tempcnta=\count134
)
(/usr/local/texlive/2015/texmf-dist/tex/latex/logreq/logreq.sty
Package: logreq 2010/08/04 v1.0 xml request logger
\lrq@indent=\count135

(/usr/local/texlive/2015/texmf-dist/tex/latex/logreq/logreq.def
File: logreq.def 2010/08/04 v1.0 logreq spec v1.0
))
(/usr/local/texlive/2015/texmf-dist/tex/latex/url/url.sty
\Urlmuskip=\muskip11
Package: url 2013/09/16  ver 3.4  Verb mode for urls, etc.
)
\c@tabx@nest=\count136
\c@listtotal=\count137
\c@listcount=\count138
\c@liststart=\count139
\c@liststop=\count140
\c@citecount=\count141
\c@citetotal=\count142
\c@multicitecount=\count143
\c@multicitetotal=\count144
\c@instcount=\count145
\c@maxnames=\count146
\c@minnames=\count147
\c@maxitems=\count148
\c@minitems=\count149
\c@citecounter=\count150
\c@savedcitecounter=\count151
\c@uniquelist=\count152
\c@uniquename=\count153
\c@refsection=\count154
\c@refsegment=\count155
\c@maxextrayear=\count156
\c@maxextraalpha=\count157
\c@abbrvpenalty=\count158
\c@highnamepenalty=\count159
\c@lownamepenalty=\count160
\c@maxparens=\count161
\c@parenlevel=\count162
\blx@tempcnta=\count163
\blx@tempcntb=\count164
\blx@tempcntc=\count165
\blx@maxsection=\count166
\blx@maxsegment=\count167
\blx@notetype=\count168
\blx@parenlevel@text=\count169
\blx@parenlevel@foot=\count170
\labelnumberwidth=\skip53
\labelalphawidth=\skip54
\shorthandwidth=\skip55
\biblabelsep=\skip56
\bibitemsep=\skip57
\bibnamesep=\skip58
\bibinitsep=\skip59
\bibparsep=\skip60
\bibhang=\skip61
\blx@auxin=\read2
\blx@auxout=\write4
\c@mincomprange=\count171
\c@maxcomprange=\count172
\c@mincompwidth=\count173
\c@labelname=\count174
\c@savedlabelname=\count175
\c@author=\count176
\c@savedauthor=\count177
\c@shortauthor=\count178
\c@savedshortauthor=\count179
\c@editor=\count180
\c@savededitor=\count181
\c@editora=\count182
\c@savededitora=\count183
\c@editorb=\count184
\c@savededitorb=\count185
\c@editorc=\count186
\c@savededitorc=\count187
\c@shorteditor=\count188
\c@savedshorteditor=\count189
\c@bookauthor=\count190
\c@savedbookauthor=\count191
\c@translator=\count192
\c@savedtranslator=\count193
\c@annotator=\count194
\c@savedannotator=\count195
\c@commentator=\count196
\c@savedcommentator=\count197
\c@introduction=\count198
\c@savedintroduction=\count199
\c@foreword=\count200
\c@savedforeword=\count201
\c@afterword=\count202
\c@savedafterword=\count203
\c@holder=\count204
\c@savedholder=\count205
\c@namea=\count206
\c@savednamea=\count207
\c@nameb=\count208
\c@savednameb=\count209
\c@namec=\count210
\c@savednamec=\count211
\c@institution=\count212
\c@savedinstitution=\count213
\c@language=\count214
\c@savedlanguage=\count215
\c@location=\count216
\c@savedlocation=\count217
\c@organization=\count218
\c@savedorganization=\count219
\c@origlocation=\count220
\c@savedoriglocation=\count221
\c@origpublisher=\count222
\c@savedorigpublisher=\count223
\c@pageref=\count224
\c@savedpageref=\count225
\c@publisher=\count226
\c@savedpublisher=\count227
\c@lista=\count228
\c@savedlista=\count229
\c@listb=\count230
\c@savedlistb=\count231
\c@listc=\count232
\c@savedlistc=\count233
\c@listd=\count266
\c@savedlistd=\count267
\c@liste=\count268
\c@savedliste=\count269
\c@listf=\count270
\c@savedlistf=\count271
Package biblatex Info: Trying to load compatibility code...
Package biblatex Info: ... file 'blx-compat.def' found.

(/usr/local/texlive/2015/texmf-dist/tex/latex/biblatex/blx-compat.def
File: blx-compat.def 2015/04/19 v3.0 biblatex compatibility (PK/JW/AB)
)
Package biblatex Info: Trying to load generic definitions...
Package biblatex Info: ... file 'biblatex.def' found.

(/usr/local/texlive/2015/texmf-dist/tex/latex/biblatex/biblatex.def
File: biblatex.def 
\c@textcitecount=\count272
\c@textcitetotal=\count273
\c@textcitemaxnames=\count274
\c@biburlnumpenalty=\count275
\c@biburlucpenalty=\count276
\c@biburllcpenalty=\count277
\c@smartand=\count278
)
Package biblatex Info: Trying to load bibliography style 'ieee'...
Package biblatex Info: ... file 'ieee.bbx' found.

(/usr/local/texlive/2015/texmf-dist/tex/latex/biblatex-ieee/ieee.bbx
File: ieee.bbx 2015/03/12 v1.1k biblatex bibliography style
Package biblatex Info: Trying to load bibliography style 'numeric-comp'...
Package biblatex Info: ... file 'numeric-comp.bbx' found.

(/usr/local/texlive/2015/texmf-dist/tex/latex/biblatex/bbx/numeric-comp.bbx
File: numeric-comp.bbx 2015/04/19 v3.0 biblatex bibliography style (PK/JW/AB)
Package biblatex Info: Trying to load bibliography style 'numeric'...
Package biblatex Info: ... file 'numeric.bbx' found.

(/usr/local/texlive/2015/texmf-dist/tex/latex/biblatex/bbx/numeric.bbx
File: numeric.bbx 2015/04/19 v3.0 biblatex bibliography style (PK/JW/AB)
Package biblatex Info: Trying to load bibliography style 'standard'...
Package biblatex Info: ... file 'standard.bbx' found.

(/usr/local/texlive/2015/texmf-dist/tex/latex/biblatex/bbx/standard.bbx
File: standard.bbx 2015/04/19 v3.0 biblatex bibliography style (PK/JW/AB)
\c@bbx:relatedcount=\count279
\c@bbx:relatedtotal=\count280
))))
Package biblatex Info: Trying to load citation style 'ieee'...
Package biblatex Info: ... file 'ieee.cbx' found.

(/usr/local/texlive/2015/texmf-dist/tex/latex/biblatex-ieee/ieee.cbx
File: ieee.cbx 2015/03/12 v1.1k biblatex citation style
Package biblatex Info: Trying to load citation style 'numeric-comp'...
Package biblatex Info: ... file 'numeric-comp.cbx' found.

(/usr/local/texlive/2015/texmf-dist/tex/latex/biblatex/cbx/numeric-comp.cbx
File: numeric-comp.cbx 2015/04/19 v3.0 biblatex citation style (PK/JW/AB)
\c@cbx@tempcnta=\count281
\c@cbx@tempcntb=\count282
Package biblatex Info: Redefining '\cite'.
Package biblatex Info: Redefining '\parencite'.
Package biblatex Info: Redefining '\footcite'.
Package biblatex Info: Redefining '\footcitetext'.
Package biblatex Info: Redefining '\smartcite'.
Package biblatex Info: Redefining '\supercite'.
Package biblatex Info: Redefining '\textcite'.
Package biblatex Info: Redefining '\textcites'.
Package biblatex Info: Redefining '\cites'.
Package biblatex Info: Redefining '\parencites'.
Package biblatex Info: Redefining '\smartcites'.
)
Package biblatex Info: Redefining '\cite'.
Package biblatex Info: Redefining '\cites'.
)
Package biblatex Info: Trying to load configuration file...
Package biblatex Info: ... file 'biblatex.cfg' found.

(/usr/local/texlive/2015/texmf-dist/tex/latex/biblatex/biblatex.cfg
File: biblatex.cfg 
)))
(/usr/local/texlive/2015/texmf-dist/tex/latex/float/float.sty
Package: float 2001/11/08 v1.3d Float enhancements (AL)
\c@float@type=\count283
\float@exts=\toks36
\float@box=\box41
\@float@everytoks=\toks37
\@floatcapt=\box42
)
(/usr/local/texlive/2015/texmf-dist/tex/latex/caption/subcaption.sty
Package: subcaption 2013/02/03 v1.1-62 Sub-captions (AR)

(/usr/local/texlive/2015/texmf-dist/tex/latex/caption/caption.sty
Package: caption 2013/05/02 v3.3-89 Customizing captions (AR)

(/usr/local/texlive/2015/texmf-dist/tex/latex/caption/caption3.sty
Package: caption3 2013/05/02 v1.6-88 caption3 kernel (AR)
Package caption3 Info: TeX engine: e-TeX on input line 57.
\captionmargin=\dimen174
\captionmargin@=\dimen175
\captionwidth=\dimen176
\caption@tempdima=\dimen177
\caption@indent=\dimen178
\caption@parindent=\dimen179
\caption@hangindent=\dimen180
)
\c@ContinuedFloat=\count284
Package caption Info: float package is loaded.
Package caption Info: listings package is loaded.
)
\c@subfigure=\count285
\c@subtable=\count286
)
(/usr/local/texlive/2015/texmf-dist/tex/latex/hyperref/hyperref.sty
Package: hyperref 2012/11/06 v6.83m Hypertext links for LaTeX

(/usr/local/texlive/2015/texmf-dist/tex/generic/oberdiek/hobsub-hyperref.sty
Package: hobsub-hyperref 2012/05/28 v1.13 Bundle oberdiek, subset hyperref (HO)


(/usr/local/texlive/2015/texmf-dist/tex/generic/oberdiek/hobsub-generic.sty
Package: hobsub-generic 2012/05/28 v1.13 Bundle oberdiek, subset generic (HO)
Package: hobsub 2012/05/28 v1.13 Construct package bundles (HO)
Package hobsub Info: Skipping package `infwarerr' (already loaded).
Package hobsub Info: Skipping package `ltxcmds' (already loaded).
Package: ifluatex 2010/03/01 v1.3 Provides the ifluatex switch (HO)
Package ifluatex Info: LuaTeX not detected.
Package: ifvtex 2010/03/01 v1.5 Detect VTeX and its facilities (HO)
Package ifvtex Info: VTeX not detected.
Package: intcalc 2007/09/27 v1.1 Expandable calculations with integers (HO)
Package: ifpdf 2011/01/30 v2.3 Provides the ifpdf switch (HO)
Package ifpdf Info: pdfTeX in PDF mode is detected.
Package: etexcmds 2011/02/16 v1.5 Avoid name clashes with e-TeX commands (HO)
Package etexcmds Info: Could not find \expanded.
(etexcmds)             That can mean that you are not using pdfTeX 1.50 or
(etexcmds)             that some package has redefined \expanded.
(etexcmds)             In the latter case, load this package earlier.
Package: kvsetkeys 2012/04/25 v1.16 Key value parser (HO)
Package: kvdefinekeys 2011/04/07 v1.3 Define keys (HO)
Package: pdftexcmds 2011/11/29 v0.20 Utility functions of pdfTeX for LuaTeX (HO
)
Package pdftexcmds Info: LuaTeX not detected.
Package pdftexcmds Info: \pdf@primitive is available.
Package pdftexcmds Info: \pdf@ifprimitive is available.
Package pdftexcmds Info: \pdfdraftmode found.
Package: pdfescape 2011/11/25 v1.13 Implements pdfTeX's escape features (HO)
Package: bigintcalc 2012/04/08 v1.3 Expandable calculations on big integers (HO
)
Package: bitset 2011/01/30 v1.1 Handle bit-vector datatype (HO)
Package: uniquecounter 2011/01/30 v1.2 Provide unlimited unique counter (HO)
)
Package hobsub Info: Skipping package `hobsub' (already loaded).
Package: letltxmacro 2010/09/02 v1.4 Let assignment for LaTeX macros (HO)
Package: hopatch 2012/05/28 v1.2 Wrapper for package hooks (HO)
Package: xcolor-patch 2011/01/30 xcolor patch
Package: atveryend 2011/06/30 v1.8 Hooks at the very end of document (HO)
Package: atbegshi 2011/10/05 v1.16 At begin shipout hook (HO)
Package: refcount 2011/10/16 v3.4 Data extraction from label references (HO)
Package: hycolor 2011/01/30 v1.7 Color options for hyperref/bookmark (HO)
)
(/usr/local/texlive/2015/texmf-dist/tex/generic/ifxetex/ifxetex.sty
Package: ifxetex 2010/09/12 v0.6 Provides ifxetex conditional
)
(/usr/local/texlive/2015/texmf-dist/tex/latex/oberdiek/auxhook.sty
Package: auxhook 2011/03/04 v1.3 Hooks for auxiliary files (HO)
)
(/usr/local/texlive/2015/texmf-dist/tex/latex/oberdiek/kvoptions.sty
Package: kvoptions 2011/06/30 v3.11 Key value format for package options (HO)
)
\@linkdim=\dimen181
\Hy@linkcounter=\count287
\Hy@pagecounter=\count288

(/usr/local/texlive/2015/texmf-dist/tex/latex/hyperref/pd1enc.def
File: pd1enc.def 2012/11/06 v6.83m Hyperref: PDFDocEncoding definition (HO)
Now handling font encoding PD1 ...
... no UTF-8 mapping file for font encoding PD1
)
\Hy@SavedSpaceFactor=\count289

(/usr/local/texlive/2015/texmf-dist/tex/latex/latexconfig/hyperref.cfg
File: hyperref.cfg 2002/06/06 v1.2 hyperref configuration of TeXLive
)
Package hyperref Info: Hyper figures OFF on input line 4443.
Package hyperref Info: Link nesting OFF on input line 4448.
Package hyperref Info: Hyper index ON on input line 4451.
Package hyperref Info: Plain pages OFF on input line 4458.
Package hyperref Info: Backreferencing OFF on input line 4463.
Package hyperref Info: Implicit mode ON; LaTeX internals redefined.
Package hyperref Info: Bookmarks ON on input line 4688.
\c@Hy@tempcnt=\count290
LaTeX Info: Redefining \url on input line 5041.
\XeTeXLinkMargin=\dimen182
\Fld@menulength=\count291
\Field@Width=\dimen183
\Fld@charsize=\dimen184
Package hyperref Info: Hyper figures OFF on input line 6295.
Package hyperref Info: Link nesting OFF on input line 6300.
Package hyperref Info: Hyper index ON on input line 6303.
Package hyperref Info: backreferencing OFF on input line 6310.
Package hyperref Info: Link coloring OFF on input line 6315.
Package hyperref Info: Link coloring with OCG OFF on input line 6320.
Package hyperref Info: PDF/A mode OFF on input line 6325.
LaTeX Info: Redefining \ref on input line 6365.
LaTeX Info: Redefining \pageref on input line 6369.
\Hy@abspage=\count292
\c@Item=\count293
\c@Hfootnote=\count294
)

Package hyperref Message: Driver (autodetected): hpdftex.

(/usr/local/texlive/2015/texmf-dist/tex/latex/hyperref/hpdftex.def
File: hpdftex.def 2012/11/06 v6.83m Hyperref driver for pdfTeX
\Fld@listcount=\count295
\c@bookmark@seq@number=\count296

(/usr/local/texlive/2015/texmf-dist/tex/latex/oberdiek/rerunfilecheck.sty
Package: rerunfilecheck 2011/04/15 v1.7 Rerun checks for auxiliary files (HO)
Package uniquecounter Info: New unique counter `rerunfilecheck' on input line 2
82.
)
\Hy@SectionHShift=\skip62
)
(/usr/local/texlive/2015/texmf-dist/tex/latex/fancyhdr/fancyhdr.sty
\fancy@headwidth=\skip63
\f@ncyO@elh=\skip64
\f@ncyO@erh=\skip65
\f@ncyO@olh=\skip66
\f@ncyO@orh=\skip67
\f@ncyO@elf=\skip68
\f@ncyO@erf=\skip69
\f@ncyO@olf=\skip70
\f@ncyO@orf=\skip71
)
(/usr/local/texlive/2015/texmf-dist/tex/latex/lastpage/lastpage.sty
Package: lastpage 2015/03/29 v1.2m Refers to last page's name (HMM; JPG)
)
Package biblatex Info: Trying to load language 'english'...
Package biblatex Info: ... file 'english.lbx' found.

(/usr/local/texlive/2015/texmf-dist/tex/latex/biblatex/lbx/english.lbx
File: english.lbx 2015/04/19 v3.0 biblatex localization (PK/JW/AB)
)

Package biblatex Warning: 'babel/polyglossia' detected but 'csquotes' missing.
(biblatex)                Loading 'csquotes' recommended.

\@quotelevel=\count297
\@quotereset=\count298
(./Speciale Rapport.aux)
\openout1 = `"Speciale Rapport.aux"'.

LaTeX Font Info:    Checking defaults for OML/cmm/m/it on input line 55.
LaTeX Font Info:    ... okay on input line 55.
LaTeX Font Info:    Checking defaults for T1/cmr/m/n on input line 55.
LaTeX Font Info:    ... okay on input line 55.
LaTeX Font Info:    Checking defaults for OT1/cmr/m/n on input line 55.
LaTeX Font Info:    ... okay on input line 55.
LaTeX Font Info:    Checking defaults for OMS/cmsy/m/n on input line 55.
LaTeX Font Info:    ... okay on input line 55.
LaTeX Font Info:    Checking defaults for OMX/cmex/m/n on input line 55.
LaTeX Font Info:    ... okay on input line 55.
LaTeX Font Info:    Checking defaults for U/cmr/m/n on input line 55.
LaTeX Font Info:    ... okay on input line 55.
LaTeX Font Info:    Checking defaults for PD1/pdf/m/n on input line 55.
LaTeX Font Info:    ... okay on input line 55.
 ABD: EveryShipout initializing macros
(/usr/local/texlive/2015/texmf-dist/tex/context/base/supp-pdf.mkii
[Loading MPS to PDF converter (version 2006.09.02).]
\scratchcounter=\count299
\scratchdimen=\dimen185
\scratchbox=\box43
\nofMPsegments=\count300
\nofMParguments=\count301
\everyMPshowfont=\toks38
\MPscratchCnt=\count302
\MPscratchDim=\dimen186
\MPnumerator=\count303
\makeMPintoPDFobject=\count304
\everyMPtoPDFconversion=\toks39
) (/usr/local/texlive/2015/texmf-dist/tex/latex/oberdiek/epstopdf-base.sty
Package: epstopdf-base 2010/02/09 v2.5 Base part for package epstopdf

(/usr/local/texlive/2015/texmf-dist/tex/latex/oberdiek/grfext.sty
Package: grfext 2010/08/19 v1.1 Manage graphics extensions (HO)
)
Package grfext Info: Graphics extension search list:
(grfext)             [.png,.pdf,.jpg,.mps,.jpeg,.jbig2,.jb2,.PNG,.PDF,.JPG,.JPE
G,.JBIG2,.JB2,.eps]
(grfext)             \AppendGraphicsExtensions on input line 452.

(/usr/local/texlive/2015/texmf-dist/tex/latex/latexconfig/epstopdf-sys.cfg
File: epstopdf-sys.cfg 2010/07/13 v1.3 Configuration of (r)epstopdf for TeX Liv
e
))
\c@lstlisting=\count305
Package biblatex Info: Input encoding 'utf8' detected.
Package biblatex Info: Automatic encoding selection.
(biblatex)             Assuming data encoding 'utf8'.


Package biblatex Warning: Data encoding is 'utf8'.
(biblatex)                Use backend=biber.

\openout4 = `Speciale_Rapport-blx.bib'.

Package biblatex Info: Trying to load bibliographic data...
Package biblatex Info: ... file '"Speciale Rapport".bbl' found.
(./Speciale Rapport.bbl)
Package biblatex Info: Reference section=0 on input line 55.
Package biblatex Info: Reference segment=0 on input line 55.
Package caption Info: Begin \AtBeginDocument code.
Package caption Info: hyperref package is loaded.
Package caption Info: End \AtBeginDocument code.
\AtBeginShipoutBox=\box44
Package hyperref Info: Link coloring OFF on input line 55.

(/usr/local/texlive/2015/texmf-dist/tex/latex/hyperref/nameref.sty
Package: nameref 2012/10/27 v2.43 Cross-referencing by name of section

(/usr/local/texlive/2015/texmf-dist/tex/generic/oberdiek/gettitlestring.sty
Package: gettitlestring 2010/12/03 v1.4 Cleanup title references (HO)
)
\c@section@level=\count306
)
LaTeX Info: Redefining \ref on input line 55.
LaTeX Info: Redefining \pageref on input line 55.
LaTeX Info: Redefining \nameref on input line 55.

(./Speciale Rapport.out) (./Speciale Rapport.out)
\@outlinefile=\write5
\openout5 = `"Speciale Rapport.out"'.

Package lastpage Info: Please have a look at the pageslts package at
(lastpage)             https://www.ctan.org/pkg/pageslts
(lastpage)             ! on input line 55.
LaTeX Font Info:    Try loading font information for U+msa on input line 76.

(/usr/local/texlive/2015/texmf-dist/tex/latex/amsfonts/umsa.fd
File: umsa.fd 2013/01/14 v3.01 AMS symbols A
)
LaTeX Font Info:    Try loading font information for U+msb on input line 76.

(/usr/local/texlive/2015/texmf-dist/tex/latex/amsfonts/umsb.fd
File: umsb.fd 2013/01/14 v3.01 AMS symbols B
)
<Billeder/logo.png, id=63, 547.8066pt x 542.5068pt>
File: Billeder/logo.png Graphic file (type png)
 <use Billeder/logo.png>
Package pdftex.def Info: Billeder/logo.png used on input line 84.
(pdftex.def)             Requested size: 164.34325pt x 162.7533pt.

[1

{/usr/local/texlive/2015/texmf-var/fonts/map/pdftex/updmap/pdftex.map} <./Bille
der/logo.png>]
LaTeX Font Info:    Try loading font information for T1+cmss on input line 90.
 (/usr/local/texlive/2015/texmf-dist/tex/latex/base/t1cmss.fd
File: t1cmss.fd 2014/09/29 v2.5h Standard LaTeX font definitions
)pdfTeX warning (ext4): destination with the same identifier (name{page.1}) has
 been already used, duplicate ignored
<to be read again> 
                   \relax 
l.93 \newpage
              [1] (./Speciale Rapport.toc)
\tf@toc=\write6
\openout6 = `"Speciale Rapport.toc"'.

 [2] [3]
Overfull \hbox (0.86612pt too wide) in paragraph at lines 126--128
[]\T1/cmr/m/n/10 Section []7[] de-scribes the two dif-fer-ent short-est path al
-go-rithms im-ple-mented:
 []

[4] <Billeder/Reactions.png, id=199, 301.125pt x 200.75pt>
File: Billeder/Reactions.png Graphic file (type png)

<use Billeder/Reactions.png>
Package pdftex.def Info: Billeder/Reactions.png used on input line 154.
(pdftex.def)             Requested size: 150.56212pt x 100.37474pt.
 [5]
<TestGrafer/PaperTest.pdf, id=208, 424.58624pt x 694.595pt>
File: TestGrafer/PaperTest.pdf Graphic file (type pdf)

<use TestGrafer/PaperTest.pdf>
Package pdftex.def Info: TestGrafer/PaperTest.pdf used on input line 161.
(pdftex.def)             Requested size: 212.2926pt x 347.29665pt.
 [6 <./Billeder/Reactions.png>]
<Billeder/SynthplanExample.pdf, id=219, 258.9675pt x 550.055pt>
File: Billeder/SynthplanExample.pdf Graphic file (type pdf)

<use Billeder/SynthplanExample.pdf>
Package pdftex.def Info: Billeder/SynthplanExample.pdf used on input line 168.
(pdftex.def)             Requested size: 129.48341pt x 275.02682pt.
 [7 <./TestGrafer/PaperTest.pdf>]
<Billeder/HyperEdge.png, id=241, 262.9825pt x 194.7275pt>
File: Billeder/HyperEdge.png Graphic file (type png)

<use Billeder/HyperEdge.png>
Package pdftex.def Info: Billeder/HyperEdge.png used on input line 178.
(pdftex.def)             Requested size: 131.49092pt x 97.3635pt.
 [8 <./Billeder/SynthplanExample.pdf> <./Billeder/HyperEdge.png>]
<Billeder/Compound-ReactionNode.png, id=265, 636.3775pt x 202.7575pt>
File: Billeder/Compound-ReactionNode.png Graphic file (type png)

<use Billeder/Compound-ReactionNode.png>
Package pdftex.def Info: Billeder/Compound-ReactionNode.png used on input line 
201.
(pdftex.def)             Requested size: 318.18797pt x 101.3785pt.

Underfull \hbox (badness 10000) in paragraph at lines 204--207

 []

[9 <./Billeder/Compound-ReactionNode.png>]
Underfull \hbox (badness 10000) in paragraph at lines 208--209

 []

<Billeder/ListOverview.png, id=281, 481.8pt x 243.91125pt>
File: Billeder/ListOverview.png Graphic file (type png)

<use Billeder/ListOverview.png>
Package pdftex.def Info: Billeder/ListOverview.png used on input line 215.
(pdftex.def)             Requested size: 240.8994pt x 121.95532pt.
 [10] [11 <./Billeder/ListOverview.png>]
(/usr/local/texlive/2015/texmf-dist/tex/latex/base/utf8.def
File: utf8.def 2014/09/29 v1.1m UTF-8 support for inputenc
)
<Billeder/BachBranch.png, id=299, 968.61874pt x 590.205pt>
File: Billeder/BachBranch.png Graphic file (type png)

<use Billeder/BachBranch.png>
Package pdftex.def Info: Billeder/BachBranch.png used on input line 246.
(pdftex.def)             Requested size: 484.30818pt x 295.10178pt.

Overfull \hbox (84.62436pt too wide) in paragraph at lines 245--247
[]  [] 
 []

[12 <./Billeder/BachBranch.png>]
<Billeder/OverlayIllustration.png, id=324, 762.85pt x 341.275pt>
File: Billeder/OverlayIllustration.png Graphic file (type png)

<use Billeder/OverlayIllustration.png>
Package pdftex.def Info: Billeder/OverlayIllustration.png used on input line 27
5.
(pdftex.def)             Requested size: 381.42407pt x 170.63707pt.

Overfull \hbox (36.42407pt too wide) in paragraph at lines 275--276
 [][] 
 []

[13] (/usr/local/texlive/2015/texmf-dist/tex/latex/base/utf8.def
File: utf8.def 2014/09/29 v1.1m UTF-8 support for inputenc
) [14 <./Billeder/OverlayIllustration.png>]
(/usr/local/texlive/2015/texmf-dist/tex/latex/base/utf8.def
File: utf8.def 2014/09/29 v1.1m UTF-8 support for inputenc
) [15]
(/usr/local/texlive/2015/texmf-dist/tex/latex/base/utf8.def
File: utf8.def 2014/09/29 v1.1m UTF-8 support for inputenc
) [16]
<Billeder/WorstCaseDynamic.png, id=406, 546.04pt x 82.3075pt>
File: Billeder/WorstCaseDynamic.png Graphic file (type png)

<use Billeder/WorstCaseDynamic.png>
Package pdftex.def Info: Billeder/WorstCaseDynamic.png used on input line 386.
(pdftex.def)             Requested size: 273.01933pt x 41.15364pt.

<Billeder/CycleGraph.png, id=407, 361.35pt x 337.26pt>
File: Billeder/CycleGraph.png Graphic file (type png)

<use Billeder/CycleGraph.png>
Package pdftex.def Info: Billeder/CycleGraph.png used on input line 395.
(pdftex.def)             Requested size: 180.67456pt x 168.62958pt.
 [17 <./Billeder/WorstCaseDynamic.png> <./Billeder/CycleGraph.png>] (/usr/local
/texlive/2015/texmf-dist/tex/latex/base/utf8.def
File: utf8.def 2014/09/29 v1.1m UTF-8 support for inputenc
)
[18] <Billeder/DeadEnd.pdf, id=461, 709.65125pt x 694.595pt>
File: Billeder/DeadEnd.pdf Graphic file (type pdf)

<use Billeder/DeadEnd.pdf>
Package pdftex.def Info: Billeder/DeadEnd.pdf used on input line 435.
(pdftex.def)             Requested size: 283.85547pt x 277.83307pt.
 [19 <./Billeder/DeadEnd.pdf>]
(/usr/local/texlive/2015/texmf-dist/tex/latex/base/utf8.def
File: utf8.def 2014/09/29 v1.1m UTF-8 support for inputenc
) [20]
Underfull \hbox (badness 10000) in paragraph at lines 495--496

 []


Overfull \hbox (54.83223pt too wide) in paragraph at lines 498--517
[]  [] 
 []

[21]
Underfull \hbox (badness 10000) in paragraph at lines 519--520

 []

[22]
Overfull \hbox (2.58032pt too wide) in paragraph at lines 535--536
\T1/cmr/m/n/10 Journals cov-ered in-clude \T1/cmr/m/it/10 Ad-vanced Syn-the-sis
 and Catal-y-sis, Ange-wandte Chemie,
 []

<Billeder/Dysidiolide-7601810.png, id=558, 800.9925pt x 205.76875pt>
File: Billeder/Dysidiolide-7601810.png Graphic file (type png)

<use Billeder/Dysidiolide-7601810.png>
Package pdftex.def Info: Billeder/Dysidiolide-7601810.png used on input line 54
6.
(pdftex.def)             Requested size: 400.49527pt x 102.88411pt.

Overfull \hbox (29.2642pt too wide) in paragraph at lines 545--547
[]  [] 
 []

<Billeder/Dysidiolide-7910427.png, id=559, 798.985pt x 210.7875pt>
File: Billeder/Dysidiolide-7910427.png Graphic file (type png)

<use Billeder/Dysidiolide-7910427.png>
Package pdftex.def Info: Billeder/Dysidiolide-7910427.png used on input line 54
9.
(pdftex.def)             Requested size: 399.49152pt x 105.3935pt.

Overfull \hbox (28.26045pt too wide) in paragraph at lines 548--550
[]  [] 
 []

<Billeder/Dysidiolide-7910428.png, id=560, 799.98875pt x 213.79875pt>
File: Billeder/Dysidiolide-7910428.png Graphic file (type png)

<use Billeder/Dysidiolide-7910428.png>
Package pdftex.def Info: Billeder/Dysidiolide-7910428.png used on input line 55
2.
(pdftex.def)             Requested size: 399.9934pt x 106.89911pt.

Overfull \hbox (28.76233pt too wide) in paragraph at lines 551--553
[]  [] 
 []

<Billeder/Dysidiolide-8171938.png, id=561, 799.98875pt x 204.765pt>
File: Billeder/Dysidiolide-8171938.png Graphic file (type png)

<use Billeder/Dysidiolide-8171938.png>
Package pdftex.def Info: Billeder/Dysidiolide-8171938.png used on input line 55
5.
(pdftex.def)             Requested size: 399.9934pt x 102.38223pt.

Overfull \hbox (28.76233pt too wide) in paragraph at lines 554--556
[]  [] 
 []

[23] <Billeder/Dysidiolide-7601810-Close.png, id=576, 475.7775pt x 477.785pt>
File: Billeder/Dysidiolide-7601810-Close.png Graphic file (type png)

<use Billeder/Dysidiolide-7601810-Close.png>
Package pdftex.def Info: Billeder/Dysidiolide-7601810-Close.png used on input l
ine 572.
(pdftex.def)             Requested size: 138.00052pt x 138.58325pt.

<Billeder/Dysidiolide-7910427-Close.png, id=577, 366.36874pt x 499.8675pt>
File: Billeder/Dysidiolide-7910427-Close.png Graphic file (type png)

<use Billeder/Dysidiolide-7910427-Close.png>
Package pdftex.def Info: Billeder/Dysidiolide-7910427-Close.png used on input l
ine 578.
(pdftex.def)             Requested size: 138.00052pt x 188.28885pt.

<Billeder/Dysidiolide-7910428-Close.png, id=578, 564.1075pt x 490.83376pt>
File: Billeder/Dysidiolide-7910428-Close.png Graphic file (type png)

<use Billeder/Dysidiolide-7910428-Close.png>
Package pdftex.def Info: Billeder/Dysidiolide-7910428-Close.png used on input l
ine 584.
(pdftex.def)             Requested size: 138.00052pt x 120.07182pt.

<Billeder/Dysidiolide-8171938-Close.png, id=579, 407.5225pt x 488.82625pt>
File: Billeder/Dysidiolide-8171938-Close.png Graphic file (type png)

<use Billeder/Dysidiolide-8171938-Close.png>
Package pdftex.def Info: Billeder/Dysidiolide-8171938-Close.png used on input l
ine 590.
(pdftex.def)             Requested size: 138.00052pt x 165.53488pt.
 [24 <./Billeder/Dysidiolide-7601810.png> <./Billeder/Dysidiolide-7910427.png> 
<./Billeder/Dysidiolide-7910428.png> <./Billeder/Dysidiolide-8171938.png>]
<Billeder/LeftOnlyReaction.png, id=594, 782.925pt x 349.305pt>
File: Billeder/LeftOnlyReaction.png Graphic file (type png)

<use Billeder/LeftOnlyReaction.png>
Package pdftex.def Info: Billeder/LeftOnlyReaction.png used on input line 601.
(pdftex.def)             Requested size: 391.46155pt x 174.65207pt.

Overfull \hbox (20.23048pt too wide) in paragraph at lines 600--602
[]  [] 
 []

<Billeder/RightOnlyReaction.png, id=595, 785.93625pt x 351.3125pt>
File: Billeder/RightOnlyReaction.png Graphic file (type png)

<use Billeder/RightOnlyReaction.png>
Package pdftex.def Info: Billeder/RightOnlyReaction.png used on input line 604.

(pdftex.def)             Requested size: 392.96716pt x 175.6558pt.

Overfull \hbox (21.7361pt too wide) in paragraph at lines 603--605
[]  [] 
 []

[25 <./Billeder/Dysidiolide-7601810-Close.png> <./Billeder/Dysidiolide-7910427-
Close.png> <./Billeder/Dysidiolide-7910428-Close.png> <./Billeder/Dysidiolide-8
171938-Close.png>]
<Billeder/MissingIngredientReaction.png, id=608, 781.92125pt x 325.215pt>
File: Billeder/MissingIngredientReaction.png Graphic file (type png)

<use Billeder/MissingIngredientReaction.png>
Package pdftex.def Info: Billeder/MissingIngredientReaction.png used on input l
ine 613.
(pdftex.def)             Requested size: 390.95967pt x 162.6071pt.

Overfull \hbox (19.7286pt too wide) in paragraph at lines 612--614
[]  [] 
 []

[26 <./Billeder/LeftOnlyReaction.png> <./Billeder/RightOnlyReaction.png>]
<Billeder/MultistepReactions.png, id=618, 817.0525pt x 529.98pt>
File: Billeder/MultistepReactions.png Graphic file (type png)

<use Billeder/MultistepReactions.png>
Package pdftex.def Info: Billeder/MultistepReactions.png used on input line 623
.
(pdftex.def)             Requested size: 408.52525pt x 264.98933pt.

Overfull \hbox (37.29419pt too wide) in paragraph at lines 622--624
[]  [] 
 []

[27 <./Billeder/MissingIngredientReaction.png>]
<Billeder/MultipleProducts.png, id=626, 805.0075pt x 439.6425pt>
File: Billeder/MultipleProducts.png Graphic file (type png)

<use Billeder/MultipleProducts.png>
Package pdftex.def Info: Billeder/MultipleProducts.png used on input line 630.
(pdftex.def)             Requested size: 402.50278pt x 219.82071pt.

Overfull \hbox (31.27171pt too wide) in paragraph at lines 629--631
[]  [] 
 []

[28 <./Billeder/MultistepReactions.png> <./Billeder/MultipleProducts.png>]
<Billeder/CopyReaction.png, id=637, 617.30624pt x 293.095pt>
File: Billeder/CopyReaction.png Graphic file (type png)

<use Billeder/CopyReaction.png>
Package pdftex.def Info: Billeder/CopyReaction.png used on input line 638.
(pdftex.def)             Requested size: 308.65236pt x 146.54713pt.

Underfull \hbox (badness 10000) in paragraph at lines 656--658

 []

[29 <./Billeder/CopyReaction.png>]
(/usr/local/texlive/2015/texmf-dist/tex/latex/base/utf8.def
File: utf8.def 2014/09/29 v1.1m UTF-8 support for inputenc
) [30]
Underfull \hbox (badness 10000) in paragraph at lines 694--696

 []

<Synteseplaner/Strychnine/Output.pdf, id=676, 13254.51875pt x 2573.615pt>
File: Synteseplaner/Strychnine/Output.pdf Graphic file (type pdf)

<use Synteseplaner/Strychnine/Output.pdf>
Package pdftex.def Info: Synteseplaner/Strychnine/Output.pdf used on input line
 730.
(pdftex.def)             Requested size: 397.61841pt x 77.20511pt.
 [31] [32 <./Synteseplaner/Strychnine/Output.pdf>]
<Synteseplaner/Strychnine/Vollhardt.png, id=721, 836.12375pt x 337.26pt>
File: Synteseplaner/Strychnine/Vollhardt.png Graphic file (type png)

<use Synteseplaner/Strychnine/Vollhardt.png>
Package pdftex.def Info: Synteseplaner/Strychnine/Vollhardt.png used on input l
ine 772.
(pdftex.def)             Requested size: 418.06085pt x 168.62958pt.

<Synteseplaner/Strychnine/Overman.png, id=725, 809.0225pt x 363.3575pt>
File: Synteseplaner/Strychnine/Overman.png Graphic file (type png)

<use Synteseplaner/Strychnine/Overman.png>
Package pdftex.def Info: Synteseplaner/Strychnine/Overman.png used on input lin
e 779.
(pdftex.def)             Requested size: 404.51027pt x 181.6783pt.

<Synteseplaner/Strychnine/Fukuyama.png, id=728, 860.21375pt x 471.7625pt>
File: Synteseplaner/Strychnine/Fukuyama.png Graphic file (type png)

<use Synteseplaner/Strychnine/Fukuyama.png>
Package pdftex.def Info: Synteseplaner/Strychnine/Fukuyama.png used on input li
ne 786.
(pdftex.def)             Requested size: 430.10582pt x 235.88066pt.

<Synteseplaner/Strychnine/Mori.png, id=731, 834.11626pt x 392.46625pt>
File: Synteseplaner/Strychnine/Mori.png Graphic file (type png)

<use Synteseplaner/Strychnine/Mori.png>
Package pdftex.def Info: Synteseplaner/Strychnine/Mori.png used on input line 7
93.
(pdftex.def)             Requested size: 417.05711pt x 196.23264pt.

Underfull \hbox (badness 10000) in paragraph at lines 797--798

 []

[33] [34 <./Synteseplaner/Strychnine/Vollhardt.png>] [35 <./Synteseplaner/Stryc
hnine/Overman.png>] [36 <./Synteseplaner/Strychnine/Fukuyama.png>] [37 <./Synte
seplaner/Strychnine/Mori.png>]
Underfull \hbox (badness 10000) in paragraph at lines 799--800

 []


Overfull \hbox (15.94577pt too wide) in paragraph at lines 806--809
[]\T1/cmr/m/n/10 J.Schreiber,W.Leimgruber,M.Pesaro,P.Schudel,A.Eschenmoser,Ange
w.Chem.
 []

<Synteseplaner/Colchicine/Output.pdf, id=790, 4110.35625pt x 1272.755pt>
File: Synteseplaner/Colchicine/Output.pdf Graphic file (type pdf)

<use Synteseplaner/Colchicine/Output.pdf>
Package pdftex.def Info: Synteseplaner/Colchicine/Output.pdf used on input line
 827.
(pdftex.def)             Requested size: 411.05971pt x 127.28296pt.
 [38] [39 <./Synteseplaner/Colchicine/Output.pdf>]
Underfull \hbox (badness 10000) in paragraph at lines 844--845

 []

<Billeder/EvansCut.png, id=825, 514.92375pt x 492.84125pt>
File: Billeder/EvansCut.png Graphic file (type png)

<use Billeder/EvansCut.png>
Package pdftex.def Info: Billeder/EvansCut.png used on input line 849.
(pdftex.def)             Requested size: 257.46124pt x 246.42001pt.

Underfull \hbox (badness 10000) in paragraph at lines 846--852

 []


Underfull \hbox (badness 10000) in paragraph at lines 853--854

 []

<Synteseplaner/Colchicine/Evans.png, id=826, 825.0825pt x 367.3725pt>
File: Synteseplaner/Colchicine/Evans.png Graphic file (type png)

<use Synteseplaner/Colchicine/Evans.png>
Package pdftex.def Info: Synteseplaner/Colchicine/Evans.png used on input line 
857.
(pdftex.def)             Requested size: 412.54024pt x 183.68579pt.

<Synteseplaner/Colchicine/Schmalz.png, id=829, 825.0825pt x 337.26pt>
File: Synteseplaner/Colchicine/Schmalz.png Graphic file (type png)

<use Synteseplaner/Colchicine/Schmalz.png>
Package pdftex.def Info: Synteseplaner/Colchicine/Schmalz.png used on input lin
e 864.
(pdftex.def)             Requested size: 412.54024pt x 168.62958pt.
 [40 <./Billeder/EvansCut.png>]
[41 <./Synteseplaner/Colchicine/Evans.png>] [42 <./Synteseplaner/Colchicine/Sch
malz.png>]
Underfull \hbox (badness 10000) in paragraph at lines 923--924

 []

[43] <Billeder/TestOfExpansion1.png, id=910, 541.02126pt x 280.04625pt>
File: Billeder/TestOfExpansion1.png Graphic file (type png)

<use Billeder/TestOfExpansion1.png>
Package pdftex.def Info: Billeder/TestOfExpansion1.png used on input line 932.
(pdftex.def)             Requested size: 270.50996pt x 140.02277pt.

<Billeder/TestOfExpansion2.png, id=911, 648.4225pt x 440.64626pt>
File: Billeder/TestOfExpansion2.png Graphic file (type png)

<use Billeder/TestOfExpansion2.png>
Package pdftex.def Info: Billeder/TestOfExpansion2.png used on input line 938.
(pdftex.def)             Requested size: 324.21045pt x 220.32259pt.
 [44 <./Billeder/TestOfExpansion1.png>]
<Billeder/ExpansionOfPath.png, id=920, 780.9175pt x 421.575pt>
File: Billeder/ExpansionOfPath.png Graphic file (type png)

<use Billeder/ExpansionOfPath.png>
Package pdftex.def Info: Billeder/ExpansionOfPath.png used on input line 944.
(pdftex.def)             Requested size: 390.4578pt x 210.78697pt.

Overfull \hbox (45.4578pt too wide) in paragraph at lines 944--945
 [][] 
 []

[45 <./Billeder/TestOfExpansion2.png>]
<Billeder/StartingMaterialCalculation.png, id=930, 675.52374pt x 366.36874pt>
File: Billeder/StartingMaterialCalculation.png Graphic file (type png)

<use Billeder/StartingMaterialCalculation.png>
Package pdftex.def Info: Billeder/StartingMaterialCalculation.png used on input
 line 955.
(pdftex.def)             Requested size: 337.76105pt x 183.18391pt.
 [46 <./Billeder/ExpansionOfPath.png>] [47 <./Billeder/StartingMaterialCalculat
ion.png>]
LaTeX Font Info:    Try loading font information for T1+cmtt on input line 972.


(/usr/local/texlive/2015/texmf-dist/tex/latex/base/t1cmtt.fd
File: t1cmtt.fd 2014/09/29 v2.5h Standard LaTeX font definitions
) [48]
<TestGrafer/ThesisTest.pdf, id=965, 778.91pt x 550.055pt>
File: TestGrafer/ThesisTest.pdf Graphic file (type pdf)

<use TestGrafer/ThesisTest.pdf>
Package pdftex.def Info: TestGrafer/ThesisTest.pdf used on input line 981.
(pdftex.def)             Requested size: 311.55849pt x 220.0181pt.
File: TestGrafer/PaperTest.pdf Graphic file (type pdf)
 <use TestGrafer/PaperTest.pdf>
Package pdftex.def Info: TestGrafer/PaperTest.pdf used on input line 986.
(pdftex.def)             Requested size: 169.83148pt x 277.83307pt.

<TestGrafer/Deadend.pdf, id=966, 709.65125pt x 694.595pt>
File: TestGrafer/Deadend.pdf Graphic file (type pdf)

<use TestGrafer/Deadend.pdf>
Package pdftex.def Info: TestGrafer/Deadend.pdf used on input line 991.
(pdftex.def)             Requested size: 283.85547pt x 277.83307pt.
 [49 <./TestGrafer/ThesisTest.pdf>]
<TestGrafer/CycleTest.pdf, id=984, 348.30125pt x 694.595pt>
File: TestGrafer/CycleTest.pdf Graphic file (type pdf)

<use TestGrafer/CycleTest.pdf>
Package pdftex.def Info: TestGrafer/CycleTest.pdf used on input line 996.
(pdftex.def)             Requested size: 139.31802pt x 277.83307pt.
 [50 <./TestGrafer/Deadend.pdf>]
<RojinGrafer/Test1.pdf, id=1002, 813.0375pt x 983.675pt>
File: RojinGrafer/Test1.pdf Graphic file (type pdf)

<use RojinGrafer/Test1.pdf>
Package pdftex.def Info: RojinGrafer/Test1.pdf used on input line 1002.
(pdftex.def)             Requested size: 325.20924pt x 393.46303pt.
 [51 <./TestGrafer/CycleTest.pdf>]
<RojinGrafer/Test2.pdf, id=1020, 1201.48875pt x 983.675pt>
File: RojinGrafer/Test2.pdf Graphic file (type pdf)

<use RojinGrafer/Test2.pdf>
Package pdftex.def Info: RojinGrafer/Test2.pdf used on input line 1007.
(pdftex.def)             Requested size: 480.58699pt x 393.46303pt.

Overfull \hbox (48.46303pt too wide) in paragraph at lines 1007--1009
 [] 
 []

[52 <./RojinGrafer/Test1.pdf>]
<RojinGrafer/Test3.pdf, id=1038, 712.6625pt x 1128.215pt>
File: RojinGrafer/Test3.pdf Graphic file (type pdf)

<use RojinGrafer/Test3.pdf>
Package pdftex.def Info: RojinGrafer/Test3.pdf used on input line 1011.
(pdftex.def)             Requested size: 285.05995pt x 451.278pt.
 [53 <./RojinGrafer/Test2.pdf>] [54 <./RojinGrafer/Test3.pdf>]
<Synteseplaner/Strychnine/plan1.pdf, id=1079, 317.185pt x 1272.755pt>
File: Synteseplaner/Strychnine/plan1.pdf Graphic file (type pdf)

<use Synteseplaner/Strychnine/plan1.pdf>
Package pdftex.def Info: Synteseplaner/Strychnine/plan1.pdf used on input line 
1041.
(pdftex.def)             Requested size: 126.87173pt x 509.09299pt.
 [55]
<Synteseplaner/Strychnine/plan2.pdf, id=1085, 317.185pt x 1272.755pt>
File: Synteseplaner/Strychnine/plan2.pdf Graphic file (type pdf)

<use Synteseplaner/Strychnine/plan2.pdf>
Package pdftex.def Info: Synteseplaner/Strychnine/plan2.pdf used on input line 
1046.
(pdftex.def)             Requested size: 126.87173pt x 509.09299pt.
 [56 <./Synteseplaner/Strychnine/plan1.pdf>] <Synteseplaner/Strychnine/plan3.pd
f, id=1103, 317.185pt x 1417.295pt>
File: Synteseplaner/Strychnine/plan3.pdf Graphic file (type pdf)

<use Synteseplaner/Strychnine/plan3.pdf>
Package pdftex.def Info: Synteseplaner/Strychnine/plan3.pdf used on input line 
1051.
(pdftex.def)             Requested size: 126.87173pt x 566.90796pt.
 [57 <./Synteseplaner/Strychnine/plan2.pdf>] <Synteseplaner/Strychnine/plan4.pd
f, id=1121, 320.19624pt x 1417.295pt>
File: Synteseplaner/Strychnine/plan4.pdf Graphic file (type pdf)

<use Synteseplaner/Strychnine/plan4.pdf>
Package pdftex.def Info: Synteseplaner/Strychnine/plan4.pdf used on input line 
1057.
(pdftex.def)             Requested size: 128.07622pt x 566.90796pt.
 [58 <./Synteseplaner/Strychnine/plan3.pdf>] <Synteseplaner/Strychnine/plan5.pd
f, id=1139, 317.185pt x 1272.755pt>
File: Synteseplaner/Strychnine/plan5.pdf Graphic file (type pdf)

<use Synteseplaner/Strychnine/plan5.pdf>
Package pdftex.def Info: Synteseplaner/Strychnine/plan5.pdf used on input line 
1062.
(pdftex.def)             Requested size: 126.87173pt x 509.09299pt.
 [59 <./Synteseplaner/Strychnine/plan4.pdf>] <Synteseplaner/Strychnine/plan6.pd
f, id=1157, 374.39874pt x 1128.215pt>
File: Synteseplaner/Strychnine/plan6.pdf Graphic file (type pdf)

<use Synteseplaner/Strychnine/plan6.pdf>
Package pdftex.def Info: Synteseplaner/Strychnine/plan6.pdf used on input line 
1068.
(pdftex.def)             Requested size: 149.75684pt x 451.278pt.
 [60 <./Synteseplaner/Strychnine/plan5.pdf>] <Synteseplaner/Strychnine/plan7.pd
f, id=1176, 374.39874pt x 1128.215pt>
File: Synteseplaner/Strychnine/plan7.pdf Graphic file (type pdf)

<use Synteseplaner/Strychnine/plan7.pdf>
Package pdftex.def Info: Synteseplaner/Strychnine/plan7.pdf used on input line 
1073.
(pdftex.def)             Requested size: 149.75684pt x 451.278pt.
 [61 <./Synteseplaner/Strychnine/plan6.pdf>] <Synteseplaner/Strychnine/plan8.pd
f, id=1195, 374.39874pt x 1128.215pt>
File: Synteseplaner/Strychnine/plan8.pdf Graphic file (type pdf)

<use Synteseplaner/Strychnine/plan8.pdf>
Package pdftex.def Info: Synteseplaner/Strychnine/plan8.pdf used on input line 
1079.
(pdftex.def)             Requested size: 149.75684pt x 451.278pt.
 [62 <./Synteseplaner/Strychnine/plan7.pdf>] <Synteseplaner/Strychnine/plan9.pd
f, id=1213, 374.39874pt x 1128.215pt>
File: Synteseplaner/Strychnine/plan9.pdf Graphic file (type pdf)

<use Synteseplaner/Strychnine/plan9.pdf>
Package pdftex.def Info: Synteseplaner/Strychnine/plan9.pdf used on input line 
1084.
(pdftex.def)             Requested size: 149.75684pt x 451.278pt.
 [63 <./Synteseplaner/Strychnine/plan8.pdf>] <Synteseplaner/Strychnine/plan10.p
df, id=1231, 374.39874pt x 1272.755pt>
File: Synteseplaner/Strychnine/plan10.pdf Graphic file (type pdf)

<use Synteseplaner/Strychnine/plan10.pdf>
Package pdftex.def Info: Synteseplaner/Strychnine/plan10.pdf used on input line
 1089.
(pdftex.def)             Requested size: 149.75684pt x 509.09299pt.
 [64 <./Synteseplaner/Strychnine/plan9.pdf>]
<Synteseplaner/Strychnine/plan11.pdf, id=1249, 374.39874pt x 1128.215pt>
File: Synteseplaner/Strychnine/plan11.pdf Graphic file (type pdf)

<use Synteseplaner/Strychnine/plan11.pdf>
Package pdftex.def Info: Synteseplaner/Strychnine/plan11.pdf used on input line
 1094.
(pdftex.def)             Requested size: 149.75684pt x 451.278pt.
 [65 <./Synteseplaner/Strychnine/plan10.pdf>]
<Synteseplaner/Strychnine/plan12.pdf, id=1267, 374.39874pt x 1272.755pt>
File: Synteseplaner/Strychnine/plan12.pdf Graphic file (type pdf)

<use Synteseplaner/Strychnine/plan12.pdf>
Package pdftex.def Info: Synteseplaner/Strychnine/plan12.pdf used on input line
 1099.
(pdftex.def)             Requested size: 149.75684pt x 509.09299pt.
 [66 <./Synteseplaner/Strychnine/plan11.pdf>]
<Synteseplaner/Strychnine/plan13.pdf, id=1286, 374.39874pt x 1128.215pt>
File: Synteseplaner/Strychnine/plan13.pdf Graphic file (type pdf)

<use Synteseplaner/Strychnine/plan13.pdf>
Package pdftex.def Info: Synteseplaner/Strychnine/plan13.pdf used on input line
 1104.
(pdftex.def)             Requested size: 149.75684pt x 451.278pt.
 [67 <./Synteseplaner/Strychnine/plan12.pdf>] <Synteseplaner/Strychnine/plan14.
pdf, id=1304, 317.185pt x 983.675pt>
File: Synteseplaner/Strychnine/plan14.pdf Graphic file (type pdf)

<use Synteseplaner/Strychnine/plan14.pdf>
Package pdftex.def Info: Synteseplaner/Strychnine/plan14.pdf used on input line
 1109.
(pdftex.def)             Requested size: 126.87173pt x 393.46303pt.
 [68 <./Synteseplaner/Strychnine/plan13.pdf>] <Synteseplaner/Strychnine/plan15.
pdf, id=1323, 317.185pt x 1272.755pt>
File: Synteseplaner/Strychnine/plan15.pdf Graphic file (type pdf)

<use Synteseplaner/Strychnine/plan15.pdf>
Package pdftex.def Info: Synteseplaner/Strychnine/plan15.pdf used on input line
 1114.
(pdftex.def)             Requested size: 126.87173pt x 509.09299pt.
 [69 <./Synteseplaner/Strychnine/plan14.pdf>] <Synteseplaner/Strychnine/plan16.
pdf, id=1341, 317.185pt x 1417.295pt>
File: Synteseplaner/Strychnine/plan16.pdf Graphic file (type pdf)

<use Synteseplaner/Strychnine/plan16.pdf>
Package pdftex.def Info: Synteseplaner/Strychnine/plan16.pdf used on input line
 1119.
(pdftex.def)             Requested size: 126.87173pt x 566.90796pt.
 [70 <./Synteseplaner/Strychnine/plan15.pdf>] <Synteseplaner/Colchicine/plan1.p
df, id=1359, 321.2pt x 694.595pt>
File: Synteseplaner/Colchicine/plan1.pdf Graphic file (type pdf)

<use Synteseplaner/Colchicine/plan1.pdf>
Package pdftex.def Info: Synteseplaner/Colchicine/plan1.pdf used on input line 
1124.
(pdftex.def)             Requested size: 128.47772pt x 277.83307pt.
 [71 <./Synteseplaner/Strychnine/plan16.pdf>] <Synteseplaner/Colchicine/plan2.p
df, id=1377, 269.005pt x 694.595pt>
File: Synteseplaner/Colchicine/plan2.pdf Graphic file (type pdf)

<use Synteseplaner/Colchicine/plan2.pdf>
Package pdftex.def Info: Synteseplaner/Colchicine/plan2.pdf used on input line 
1129.
(pdftex.def)             Requested size: 107.60008pt x 277.83307pt.
 [72 <./Synteseplaner/Colchicine/plan1.pdf>] <Synteseplaner/Colchicine/plan3.pd
f, id=1396, 321.2pt x 983.675pt>
File: Synteseplaner/Colchicine/plan3.pdf Graphic file (type pdf)

<use Synteseplaner/Colchicine/plan3.pdf>
Package pdftex.def Info: Synteseplaner/Colchicine/plan3.pdf used on input line 
1134.
(pdftex.def)             Requested size: 128.47772pt x 393.46303pt.
 [73 <./Synteseplaner/Colchicine/plan2.pdf>] <Synteseplaner/Colchicine/plan4.pd
f, id=1414, 319.1925pt x 694.595pt>
File: Synteseplaner/Colchicine/plan4.pdf Graphic file (type pdf)

<use Synteseplaner/Colchicine/plan4.pdf>
Package pdftex.def Info: Synteseplaner/Colchicine/plan4.pdf used on input line 
1139.
(pdftex.def)             Requested size: 127.67473pt x 277.83307pt.
 [74 <./Synteseplaner/Colchicine/plan3.pdf>] <Synteseplaner/Colchicine/plan5.pd
f, id=1433, 319.1925pt x 694.595pt>
File: Synteseplaner/Colchicine/plan5.pdf Graphic file (type pdf)

<use Synteseplaner/Colchicine/plan5.pdf>
Package pdftex.def Info: Synteseplaner/Colchicine/plan5.pdf used on input line 
1144.
(pdftex.def)             Requested size: 127.67473pt x 277.83307pt.
 [75 <./Synteseplaner/Colchicine/plan4.pdf>] <Synteseplaner/Dysidiolide/plan1.p
df, id=1451, 321.2pt x 1272.755pt>
File: Synteseplaner/Dysidiolide/plan1.pdf Graphic file (type pdf)

<use Synteseplaner/Dysidiolide/plan1.pdf>
Package pdftex.def Info: Synteseplaner/Dysidiolide/plan1.pdf used on input line
 1149.
(pdftex.def)             Requested size: 138.1133pt x 547.27399pt.
 [76 <./Synteseplaner/Colchicine/plan5.pdf>]
<Synteseplaner/Dysidiolide/plan2.pdf, id=1469, 322.20375pt x 1272.755pt>
File: Synteseplaner/Dysidiolide/plan2.pdf Graphic file (type pdf)

<use Synteseplaner/Dysidiolide/plan2.pdf>
Package pdftex.def Info: Synteseplaner/Dysidiolide/plan2.pdf used on input line
 1154.
(pdftex.def)             Requested size: 138.5449pt x 547.27399pt.
 [77 <./Synteseplaner/Dysidiolide/plan1.pdf>]
<Synteseplaner/Dysidiolide/plan3.pdf, id=1487, 370.38374pt x 1706.375pt>
File: Synteseplaner/Dysidiolide/plan3.pdf Graphic file (type pdf)

<use Synteseplaner/Dysidiolide/plan3.pdf>
Package pdftex.def Info: Synteseplaner/Dysidiolide/plan3.pdf used on input line
 1159.
(pdftex.def)             Requested size: 125.9288pt x 580.15984pt.
 [78 <./Synteseplaner/Dysidiolide/plan2.pdf>] [79]
Overfull \vbox (1.94936pt too high) has occurred while \output is active []


[80 <./Synteseplaner/Dysidiolide/plan3.pdf>]
<Synteseplaner/Dysidiolide/plan4.pdf, id=1528, 419.5675pt x 1850.915pt>
File: Synteseplaner/Dysidiolide/plan4.pdf Graphic file (type pdf)

<use Synteseplaner/Dysidiolide/plan4.pdf>
Package pdftex.def Info: Synteseplaner/Dysidiolide/plan4.pdf used on input line
 1164.
(pdftex.def)             Requested size: 125.87122pt x 555.2788pt.

<Synteseplaner/Dysidiolide/plan5.pdf, id=1529, 371.3875pt x 1706.375pt>
File: Synteseplaner/Dysidiolide/plan5.pdf Graphic file (type pdf)

<use Synteseplaner/Dysidiolide/plan5.pdf>
Package pdftex.def Info: Synteseplaner/Dysidiolide/plan5.pdf used on input line
 1169.
(pdftex.def)             Requested size: 129.98756pt x 597.2402pt.
 [81 <./Synteseplaner/Dysidiolide/plan4.pdf>] [82]
Overfull \vbox (19.02972pt too high) has occurred while \output is active []


[83 <./Synteseplaner/Dysidiolide/plan5.pdf>]
<Synteseplaner/Dysidiolide/plan6.pdf, id=1570, 420.57124pt x 1850.915pt>
File: Synteseplaner/Dysidiolide/plan6.pdf Graphic file (type pdf)

<use Synteseplaner/Dysidiolide/plan6.pdf>
Package pdftex.def Info: Synteseplaner/Dysidiolide/plan6.pdf used on input line
 1174.
(pdftex.def)             Requested size: 126.17235pt x 555.2788pt.

<Synteseplaner/Dysidiolide/plan7.pdf, id=1571, 422.57875pt x 2139.995pt>
File: Synteseplaner/Dysidiolide/plan7.pdf Graphic file (type pdf)

<use Synteseplaner/Dysidiolide/plan7.pdf>
Package pdftex.def Info: Synteseplaner/Dysidiolide/plan7.pdf used on input line
 1179.
(pdftex.def)             Requested size: 114.09778pt x 577.80638pt.
 [84 <./Synteseplaner/Dysidiolide/plan6.pdf>]
<Synteseplaner/Dysidiolide/plan8.pdf, id=1590, 500.87125pt x 2718.155pt>
File: Synteseplaner/Dysidiolide/plan8.pdf Graphic file (type pdf)

<use Synteseplaner/Dysidiolide/plan8.pdf>
Package pdftex.def Info: Synteseplaner/Dysidiolide/plan8.pdf used on input line
 1184.
(pdftex.def)             Requested size: 100.17247pt x 543.62138pt.
 [85 <./Synteseplaner/Dysidiolide/plan7.pdf>]
<Synteseplaner/Dysidiolide/plan9.pdf, id=1608, 422.57875pt x 2429.075pt>
File: Synteseplaner/Dysidiolide/plan9.pdf Graphic file (type pdf)

<use Synteseplaner/Dysidiolide/plan9.pdf>
Package pdftex.def Info: Synteseplaner/Dysidiolide/plan9.pdf used on input line
 1189.
(pdftex.def)             Requested size: 105.64442pt x 607.26727pt.
 [86 <./Synteseplaner/Dysidiolide/plan8.pdf>] [87]
Overfull \vbox (29.0568pt too high) has occurred while \output is active []


[88 <./Synteseplaner/Dysidiolide/plan9.pdf>]
<Synteseplaner/Dysidiolide/plan10.pdf, id=1648, 498.86375pt x 2718.155pt>
File: Synteseplaner/Dysidiolide/plan10.pdf Graphic file (type pdf)

<use Synteseplaner/Dysidiolide/plan10.pdf>
Package pdftex.def Info: Synteseplaner/Dysidiolide/plan10.pdf used on input lin
e 1194.
(pdftex.def)             Requested size: 99.77098pt x 543.62138pt.

<Synteseplaner/Asteriscanolide/plan1.pdf, id=1649, 269.005pt x 550.055pt>
File: Synteseplaner/Asteriscanolide/plan1.pdf Graphic file (type pdf)

<use Synteseplaner/Asteriscanolide/plan1.pdf>
Package pdftex.def Info: Synteseplaner/Asteriscanolide/plan1.pdf used on input 
line 1199.
(pdftex.def)             Requested size: 107.60008pt x 220.0181pt.
 [89 <./Synteseplaner/Dysidiolide/plan10.pdf>]
<Synteseplaner/Asteriscanolide/plan2.pdf, id=1667, 269.005pt x 694.595pt>
File: Synteseplaner/Asteriscanolide/plan2.pdf Graphic file (type pdf)

<use Synteseplaner/Asteriscanolide/plan2.pdf>
Package pdftex.def Info: Synteseplaner/Asteriscanolide/plan2.pdf used on input 
line 1204.
(pdftex.def)             Requested size: 107.60008pt x 277.83307pt.

<Synteseplaner/Asteriscanolide/plan3.pdf, id=1668, 419.5675pt x 1417.295pt>
File: Synteseplaner/Asteriscanolide/plan3.pdf Graphic file (type pdf)

<use Synteseplaner/Asteriscanolide/plan3.pdf>
Package pdftex.def Info: Synteseplaner/Asteriscanolide/plan3.pdf used on input 
line 1209.
(pdftex.def)             Requested size: 167.82402pt x 566.90796pt.
 [90 <./Synteseplaner/Asteriscanolide/plan1.pdf> <./Synteseplaner/Asteriscanoli
de/plan2.pdf>]
<Synteseplaner/Lepadiformine/plan1.pdf, id=1700, 261.97874pt x 550.055pt>
File: Synteseplaner/Lepadiformine/plan1.pdf Graphic file (type pdf)

<use Synteseplaner/Lepadiformine/plan1.pdf>
Package pdftex.def Info: Synteseplaner/Lepadiformine/plan1.pdf used on input li
ne 1214.
(pdftex.def)             Requested size: 104.78964pt x 220.0181pt.
 [91 <./Synteseplaner/Asteriscanolide/plan3.pdf>]
<Synteseplaner/Lepadiformine/plan2.pdf, id=1718, 262.9825pt x 1272.755pt>
File: Synteseplaner/Lepadiformine/plan2.pdf Graphic file (type pdf)

<use Synteseplaner/Lepadiformine/plan2.pdf>
Package pdftex.def Info: Synteseplaner/Lepadiformine/plan2.pdf used on input li
ne 1219.
(pdftex.def)             Requested size: 105.19113pt x 509.09299pt.
 [92 <./Synteseplaner/Lepadiformine/plan1.pdf>]
<Synteseplaner/Lepadiformine/plan3.pdf, id=1736, 262.9825pt x 1272.755pt>
File: Synteseplaner/Lepadiformine/plan3.pdf Graphic file (type pdf)

<use Synteseplaner/Lepadiformine/plan3.pdf>
Package pdftex.def Info: Synteseplaner/Lepadiformine/plan3.pdf used on input li
ne 1224.
(pdftex.def)             Requested size: 105.19113pt x 509.09299pt.
 [93 <./Synteseplaner/Lepadiformine/plan2.pdf>]
<Synteseplaner/Lepadiformine/plan4.pdf, id=1754, 262.9825pt x 405.515pt>
File: Synteseplaner/Lepadiformine/plan4.pdf Graphic file (type pdf)

<use Synteseplaner/Lepadiformine/plan4.pdf>
Package pdftex.def Info: Synteseplaner/Lepadiformine/plan4.pdf used on input li
ne 1229.
(pdftex.def)             Requested size: 105.19113pt x 162.20311pt.
 [94 <./Synteseplaner/Lepadiformine/plan3.pdf>]
<Synteseplaner/Lepadiformine/plan5.pdf, id=1772, 313.17pt x 550.055pt>
File: Synteseplaner/Lepadiformine/plan5.pdf Graphic file (type pdf)

<use Synteseplaner/Lepadiformine/plan5.pdf>
Package pdftex.def Info: Synteseplaner/Lepadiformine/plan5.pdf used on input li
ne 1234.
(pdftex.def)             Requested size: 125.26576pt x 220.0181pt.

<Synteseplaner/Lepadiformine/plan6.pdf, id=1773, 313.17pt x 550.055pt>
File: Synteseplaner/Lepadiformine/plan6.pdf Graphic file (type pdf)

<use Synteseplaner/Lepadiformine/plan6.pdf>
Package pdftex.def Info: Synteseplaner/Lepadiformine/plan6.pdf used on input li
ne 1239.
(pdftex.def)             Requested size: 125.26576pt x 220.0181pt.
 
AED: lastpage setting LastPage
[95 <./Synteseplaner/Lepadiformine/plan4.pdf> <./Synteseplaner/Lepadiformine/pl
an5.pdf>] [96 <./Synteseplaner/Lepadiformine/plan6.pdf>]
Package atveryend Info: Empty hook `BeforeClearDocument' on input line 1241.
Package atveryend Info: Empty hook `AfterLastShipout' on input line 1241.

(./Speciale Rapport.aux)
Package atveryend Info: Executing hook `AtVeryEndDocument' on input line 1241.
Package atveryend Info: Executing hook `AtEndAfterFileList' on input line 1241.

Package rerunfilecheck Info: File `"Speciale Rapport".out' has not changed.
(rerunfilecheck)             Checksum: A186F8C324AA213788F201CCF6C6CEB7;736.
Package logreq Info: Writing requests to '"Speciale Rapport".run.xml'.
\openout1 = `"Speciale Rapport.run.xml"'.

 ) 
Here is how much of TeX's memory you used:
 26056 strings out of 493089
 466888 string characters out of 6134842
 630007 words of memory out of 5000000
 28638 multiletter control sequences out of 15000+600000
 23656 words of font info for 55 fonts, out of 8000000 for 9000
 1141 hyphenation exceptions out of 8191
 62i,12n,56p,1213b,2226s stack positions out of 5000i,500n,10000p,200000b,80000s
{/usr/local/texlive/2015/texmf-dist/fonts/enc/dvips/cm-super/cm-super-t1.enc}
</usr/local/texlive/2015/texmf-dist/fonts/type1/public/amsfonts/cm/cmex10.pfb><
/usr/local/texlive/2015/texmf-dist/fonts/type1/public/amsfonts/cm/cmmi10.pfb></
usr/local/texlive/2015/texmf-dist/fonts/type1/public/amsfonts/cm/cmmi7.pfb></us
r/local/texlive/2015/texmf-dist/fonts/type1/public/amsfonts/cm/cmr10.pfb></usr/
local/texlive/2015/texmf-dist/fonts/type1/public/amsfonts/cm/cmr7.pfb></usr/loc
al/texlive/2015/texmf-dist/fonts/type1/public/amsfonts/cm/cmsy10.pfb></usr/loca
l/texlive/2015/texmf-dist/fonts/type1/public/amsfonts/cm/cmsy7.pfb></usr/local/
texlive/2015/texmf-dist/fonts/type1/public/amsfonts/symbols/msbm10.pfb></usr/lo
cal/texlive/2015/texmf-dist/fonts/type1/public/cm-super/sfbx1000.pfb></usr/loca
l/texlive/2015/texmf-dist/fonts/type1/public/cm-super/sfbx2074.pfb></usr/local/
texlive/2015/texmf-dist/fonts/type1/public/cm-super/sfcc1200.pfb></usr/local/te
xlive/2015/texmf-dist/fonts/type1/public/cm-super/sfcc1728.pfb></usr/local/texl
ive/2015/texmf-dist/fonts/type1/public/cm-super/sfrm0600.pfb></usr/local/texliv
e/2015/texmf-dist/fonts/type1/public/cm-super/sfrm0700.pfb></usr/local/texlive/
2015/texmf-dist/fonts/type1/public/cm-super/sfrm0800.pfb></usr/local/texlive/20
15/texmf-dist/fonts/type1/public/cm-super/sfrm1000.pfb></usr/local/texlive/2015
/texmf-dist/fonts/type1/public/cm-super/sfrm1200.pfb></usr/local/texlive/2015/t
exmf-dist/fonts/type1/public/cm-super/sfss0900.pfb></usr/local/texlive/2015/tex
mf-dist/fonts/type1/public/cm-super/sfss1000.pfb></usr/local/texlive/2015/texmf
-dist/fonts/type1/public/cm-super/sfsx1000.pfb></usr/local/texlive/2015/texmf-d
ist/fonts/type1/public/cm-super/sfsx1200.pfb></usr/local/texlive/2015/texmf-dis
t/fonts/type1/public/cm-super/sfti1000.pfb></usr/local/texlive/2015/texmf-dist/
fonts/type1/public/cm-super/sfti1200.pfb></usr/local/texlive/2015/texmf-dist/fo
nts/type1/public/cm-super/sftt1000.pfb>
Output written on "Speciale Rapport.pdf" (97 pages, 2199285 bytes).
PDF statistics:
 1984 PDF objects out of 2073 (max. 8388607)
 1615 compressed objects within 17 object streams
 394 named destinations out of 1000 (max. 500000)
 550 words of extra memory for PDF output out of 10000 (max. 10000000)

